$ .venv/bin/python scripts/evaluate_cb_arb_option_entry_gate.py --data-root data/cb_arb_concurrent_supervised_20260511_094500 --train-start 20190101 --train-end 20241231 --test-start 20250101 --test-end 20260508 --fixed-source 2 --rule score_4state --output-dir data/cb_arb_value_gap_switch_option-entry-gate_2026-05-17 --reuse-ranks --cost-model-enabled

[option_entry_gate] baseline_no_entry_gate train_excess=0.131363 test_excess=0.37976
[option_entry_gate] ratio_1p15 train_excess=0.666909 test_excess=-0.230402
[option_entry_gate] ratio_1p25 train_excess=0.286046 test_excess=-0.210018
[option_entry_gate] ratio_1p35 train_excess=0.225154 test_excess=-0.182237
[option_entry_gate] ratio_1p5 train_excess=0.130513 test_excess=0.049954
[option_entry_gate] bad_signal_max_0 train_excess=0.018661 test_excess=0.261439
[option_entry_gate] bad_signal_max_1 train_excess=0.099686 test_excess=0.363804
[option_entry_gate] bad_signal_max_2 train_excess=0.008578 test_excess=0.37976
[option_entry_gate] ratio_1p2_signal_0 train_excess=0.564595 test_excess=-0.198561
[option_entry_gate] ratio_1p2_signal_1 train_excess=0.500849 test_excess=-0.204725
[option_entry_gate] ratio_1p2_signal_2 train_excess=0.532324 test_excess=-0.205533
[option_entry_gate] ratio_1p3_signal_0 train_excess=0.25856 test_excess=-0.156155
[option_entry_gate] ratio_1p3_signal_1 train_excess=0.234069 test_excess=-0.175316
[option_entry_gate] ratio_1p3_signal_2 train_excess=0.328822 test_excess=-0.182327
[option_entry_gate] ratio_1p4_signal_0 train_excess=0.255778 test_excess=-0.076674
[option_entry_gate] ratio_1p4_signal_1 train_excess=0.14916 test_excess=-0.100565
[option_entry_gate] ratio_1p4_signal_2 train_excess=0.165487 test_excess=-0.113912
[option_entry_gate] option_share_max_0p9 train_excess=0.307751 test_excess=-0.348735
[option_entry_gate] option_share_max_0p95 train_excess=0.318032 test_excess=-0.348735
[option_entry_gate] wrote data/cb_arb_value_gap_switch_option-entry-gate_2026-05-17
