[2026-05-19T10:44:11+08:00] Starting evaluate_cb_arb_universe_filter.py
[repair] ranked 100/1779 20190603
[repair] ranked 200/1779 20191030
[repair] ranked 300/1779 20200327
[repair] ranked 400/1779 20200824
[repair] ranked 500/1779 20210120
[repair] ranked 600/1779 20210623
[repair] ranked 700/1779 20211119
[repair] ranked 800/1779 20220420
[repair] ranked 900/1779 20220914
[repair] ranked 1000/1779 20230216
[repair] ranked 1100/1779 20230714
[repair] ranked 1200/1779 20231211
[repair] ranked 1300/1779 20240515
[repair] ranked 1400/1779 20241014
[repair] ranked 1500/1779 20250312
[repair] ranked 1600/1779 20250806
[repair] ranked 1700/1779 20260105
[universe_filter] baseline_full_universe train excess=0.205456 dd=-0.147988 excluded=0
[universe_filter] baseline_full_universe validate excess=-0.029677 dd=-0.270153 excluded=0
[universe_filter] baseline_full_universe test excess=0.37976 dd=-0.097762 excluded=0
[universe_filter] exclude_far_above_bond_floor train excess=-0.300876 dd=-0.211239 excluded=355
[universe_filter] exclude_far_above_bond_floor validate excess=0.068777 dd=-0.203762 excluded=355
[universe_filter] exclude_far_above_bond_floor test excess=0.446959 dd=-0.15031 excluded=355
[universe_filter] exclude_high_moneyness train excess=-0.049916 dd=-0.165248 excluded=175
[universe_filter] exclude_high_moneyness validate excess=0.054437 dd=-0.23653 excluded=175
[universe_filter] exclude_high_moneyness test excess=0.323258 dd=-0.147739 excluded=175
[universe_filter] exclude_short_maturity train excess=-0.147086 dd=-0.149872 excluded=231
[universe_filter] exclude_short_maturity validate excess=-0.029677 dd=-0.270153 excluded=231
[universe_filter] exclude_short_maturity test excess=0.37976 dd=-0.097762 excluded=231
Terminated
ilter] exclude_small_size train excess=-0.042857 dd=-0.195429 excluded=368
[universe_filter] exclude_small_size validate excess=-0.014868 dd=-0.223597 excluded=368
[universe_filter] exclude_small_size test excess=0.011632 dd=-0.127186 excluded=368
[universe_filter] combined_lowrisk_universe train excess=-0.358389 dd=-0.155093 excluded=441
[universe_filter] combined_lowrisk_universe validate excess=0.046862 dd=-0.219166 excluded=441
[universe_filter] combined_lowrisk_universe test excess=0.452725 dd=-0.15031 excluded=441
/home/ubuntu/projects/quant/scripts/evaluate_cb_arb_universe_filter.py:447: DeprecationWarning: datetime.datetime.utcnow() is deprecated and scheduled for removal in a future version. Use timezone-aware objects to represent datetimes in UTC: datetime.datetime.now(datetime.UTC).
  "created_at": datetime.utcnow().isoformat(timespec="seconds") + "Z",
[universe_filter] wrote data/cb_arb_value_gap_switch_universe-filter_2026-05-19
[2026-05-19T10:48:34+08:00] Done. Exit code: 0
