$ /usr/bin/python3 scripts/evaluate_cb_arb_option_pnl_feedback.py --data-root data/cb_arb_concurrent_supervised_20260511_094500 --train-start 20190101 --train-end 20241231 --test-start 20250101 --test-end 20260508 --fixed-source 2 --rule score_4state --output-dir data/cb_arb_value_gap_switch_option-pnl-feedback_2026-05-18_133452 --base-ranks-path data/cb_arb_value_gap_switch_regime-option-entry-gate_2026-05-17/daily_value_gap_amounts.parquet --reuse-ranks --cost-model-enabled

OK: data/cb_arb_value_gap_switch_option-pnl-feedback_2026-05-18_133452/spec.yaml

validate_spec.py: 1 spec(s), 0 error(s), 0 warning(s)

=== cb_basic.parquet ===
  OK (1012 rows, 18 cols)

=== cb_daily.parquet ===
  WARN: missing recommended columns: ['cb_over_rate', 'pct_chg']

=== cb_call.parquet ===
  WARN: missing recommended columns: ['call_type']

=== stk_daily.parquet ===
  OK (2678144 rows, 8 cols)

=== stk_daily_qfq.parquet ===
  OK (2678144 rows, 8 cols)

=== summary ===
WARN: 2 recommended-column warning(s)
validate_compute_budget.py: OK
verdict: pass  (fatal=0, warning=0)
recommendation: pass; spec semantic OK
Traceback (most recent call last):
  File "/home/ubuntu/projects/quant/scripts/evaluate_cb_arb_option_pnl_feedback.py", line 516, in <module>
    raise SystemExit(main())
                     ^^^^^^
  File "/home/ubuntu/projects/quant/scripts/evaluate_cb_arb_option_pnl_feedback.py", line 388, in main
    params = _params(args, cfg)
             ^^^^^^^^^^^^^^^^^^
  File "/home/ubuntu/projects/quant/scripts/evaluate_cb_arb_option_pnl_feedback.py", line 126, in _params
    params = _with_cost_params(dict(BASE_PARAMS), args)
             ^^^^^^^^^^^^^^^^^^^^^^^^^^^^^^^^^^^^^^^^^^
  File "/home/ubuntu/projects/quant/scripts/evaluate_cb_arb_value_gap_switch.py", line 1633, in _with_cost_params
    if args.max_holdings is not None:
       ^^^^^^^^^^^^^^^^^
AttributeError: 'Namespace' object has no attribute 'max_holdings'
