$ /usr/bin/python3 scripts/evaluate_cb_arb_full_flip_probe.py --data-root data/cb_arb_concurrent_supervised_20260511_094500 --train-start 20190101 --train-end 20241231 --test-start 20250101 --test-end 20260508 --output-dir data/cb_arb_value_gap_switch_full-flip-probe_20260524

[full_flip_probe] value_gap_amount negated; > 0 filter now selects originally-negative (over-priced) gaps
[full_flip_probe] sort_values('value_gap_amount') NOT reversed; descending on negated col → most-over-priced first
[repair] ranked 100/1779 20190603
[repair] ranked 200/1779 20191030
[repair] ranked 300/1779 20200327
[repair] ranked 400/1779 20200824
[repair] ranked 500/1779 20210120
[repair] ranked 600/1779 20210623
[repair] ranked 700/1779 20211119
[repair] ranked 800/1779 20220420
[repair] ranked 900/1779 20220914
[repair] ranked 1000/1779 20230216
[repair] ranked 1100/1779 20230714
[repair] ranked 1200/1779 20231211
[repair] ranked 1300/1779 20240515
[repair] ranked 1400/1779 20241014
[repair] ranked 1500/1779 20250312
[repair] ranked 1600/1779 20250806
[repair] ranked 1700/1779 20260105
[value_gap] candidates=96
[value_gap] train 1/96 excess=-0.272314 total=0.0 dd=0.0 score=-0.272314 params={"max_hold_days": 90.0, "min_gap_pct": 0.0, "sell_gap_pct": 0.0, "stop_gap_ratio_floor": 0.0, "switch_hurdle_pct": 0.0}
[value_gap] train 2/96 excess=-0.272314 total=0.0 dd=0.0 score=-0.272314 params={"max_hold_days": 180.0, "min_gap_pct": 0.0, "sell_gap_pct": 0.0, "stop_gap_ratio_floor": 0.0, "switch_hurdle_pct": 0.0}
[value_gap] train 3/96 excess=-0.272314 total=0.0 dd=0.0 score=-0.272314 params={"max_hold_days": 360.0, "min_gap_pct": 0.0, "sell_gap_pct": 0.0, "stop_gap_ratio_floor": 0.0, "switch_hurdle_pct": 0.0}
[value_gap] train 4/96 excess=-0.272314 total=0.0 dd=0.0 score=-0.272314 params={"max_hold_days": 90.0, "min_gap_pct": 0.0, "sell_gap_pct": 0.0, "stop_gap_ratio_floor": 0.0, "switch_hurdle_pct": 0.01}
[value_gap] train 5/96 excess=-0.272314 total=0.0 dd=0.0 score=-0.272314 params={"max_hold_days": 180.0, "min_gap_pct": 0.0, "sell_gap_pct": 0.0, "stop_gap_ratio_floor": 0.0, "switch_hurdle_pct": 0.01}
[value_gap] train 6/96 excess=-0.272314 total=0.0 dd=0.0 score=-0.272314 params={"max_hold_days": 360.0, "min_gap_pct": 0.0, "sell_gap_pct": 0.0, "stop_gap_ratio_floor": 0.0, "switch_hurdle_pct": 0.01}
[value_gap] train 7/96 excess=-0.272314 total=0.0 dd=0.0 score=-0.272314 params={"max_hold_days": 90.0, "min_gap_pct": 0.0, "sell_gap_pct": 0.0, "stop_gap_ratio_floor": 0.0, "switch_hurdle_pct": 0.02}
[value_gap] train 8/96 excess=-0.272314 total=0.0 dd=0.0 score=-0.272314 params={"max_hold_days": 180.0, "min_gap_pct": 0.0, "sell_gap_pct": 0.0, "stop_gap_ratio_floor": 0.0, "switch_hurdle_pct": 0.02}
[value_gap] train 9/96 excess=-0.272314 total=0.0 dd=0.0 score=-0.272314 params={"max_hold_days": 360.0, "min_gap_pct": 0.0, "sell_gap_pct": 0.0, "stop_gap_ratio_floor": 0.0, "switch_hurdle_pct": 0.02}
[value_gap] train 10/96 excess=-0.272314 total=0.0 dd=0.0 score=-0.272314 params={"max_hold_days": 90.0, "min_gap_pct": 0.0, "sell_gap_pct": 0.0, "stop_gap_ratio_floor": 0.0, "switch_hurdle_pct": 0.03}
[value_gap] train 11/96 excess=-0.272314 total=0.0 dd=0.0 score=-0.272314 params={"max_hold_days": 180.0, "min_gap_pct": 0.0, "sell_gap_pct": 0.0, "stop_gap_ratio_floor": 0.0, "switch_hurdle_pct": 0.03}
[value_gap] train 12/96 excess=-0.272314 total=0.0 dd=0.0 score=-0.272314 params={"max_hold_days": 360.0, "min_gap_pct": 0.0, "sell_gap_pct": 0.0, "stop_gap_ratio_floor": 0.0, "switch_hurdle_pct": 0.03}
[value_gap] train 13/96 excess=-0.272314 total=0.0 dd=0.0 score=-0.272314 params={"max_hold_days": 90.0, "min_gap_pct": 0.0, "sell_gap_pct": 0.005, "stop_gap_ratio_floor": 0.0, "switch_hurdle_pct": 0.0}
[value_gap] train 14/96 excess=-0.272314 total=0.0 dd=0.0 score=-0.272314 params={"max_hold_days": 180.0, "min_gap_pct": 0.0, "sell_gap_pct": 0.005, "stop_gap_ratio_floor": 0.0, "switch_hurdle_pct": 0.0}
[value_gap] train 15/96 excess=-0.272314 total=0.0 dd=0.0 score=-0.272314 params={"max_hold_days": 360.0, "min_gap_pct": 0.0, "sell_gap_pct": 0.005, "stop_gap_ratio_floor": 0.0, "switch_hurdle_pct": 0.0}
[value_gap] train 16/96 excess=-0.272314 total=0.0 dd=0.0 score=-0.272314 params={"max_hold_days": 90.0, "min_gap_pct": 0.0, "sell_gap_pct": 0.005, "stop_gap_ratio_floor": 0.0, "switch_hurdle_pct": 0.01}
[value_gap] train 17/96 excess=-0.272314 total=0.0 dd=0.0 score=-0.272314 params={"max_hold_days": 180.0, "min_gap_pct": 0.0, "sell_gap_pct": 0.005, "stop_gap_ratio_floor": 0.0, "switch_hurdle_pct": 0.01}
[value_gap] train 18/96 excess=-0.272314 total=0.0 dd=0.0 score=-0.272314 params={"max_hold_days": 360.0, "min_gap_pct": 0.0, "sell_gap_pct": 0.005, "stop_gap_ratio_floor": 0.0, "switch_hurdle_pct": 0.01}
[value_gap] train 19/96 excess=-0.272314 total=0.0 dd=0.0 score=-0.272314 params={"max_hold_days": 90.0, "min_gap_pct": 0.0, "sell_gap_pct": 0.005, "stop_gap_ratio_floor": 0.0, "switch_hurdle_pct": 0.02}
[value_gap] train 20/96 excess=-0.272314 total=0.0 dd=0.0 score=-0.272314 params={"max_hold_days": 180.0, "min_gap_pct": 0.0, "sell_gap_pct": 0.005, "stop_gap_ratio_floor": 0.0, "switch_hurdle_pct": 0.02}
[value_gap] train 21/96 excess=-0.272314 total=0.0 dd=0.0 score=-0.272314 params={"max_hold_days": 360.0, "min_gap_pct": 0.0, "sell_gap_pct": 0.005, "stop_gap_ratio_floor": 0.0, "switch_hurdle_pct": 0.02}
[value_gap] train 22/96 excess=-0.272314 total=0.0 dd=0.0 score=-0.272314 params={"max_hold_days": 90.0, "min_gap_pct": 0.0, "sell_gap_pct": 0.005, "stop_gap_ratio_floor": 0.0, "switch_hurdle_pct": 0.03}
[value_gap] train 23/96 excess=-0.272314 total=0.0 dd=0.0 score=-0.272314 params={"max_hold_days": 180.0, "min_gap_pct": 0.0, "sell_gap_pct": 0.005, "stop_gap_ratio_floor": 0.0, "switch_hurdle_pct": 0.03}
[value_gap] train 24/96 excess=-0.272314 total=0.0 dd=0.0 score=-0.272314 params={"max_hold_days": 360.0, "min_gap_pct": 0.0, "sell_gap_pct": 0.005, "stop_gap_ratio_floor": 0.0, "switch_hurdle_pct": 0.03}
[value_gap] train 25/96 excess=-0.272314 total=0.0 dd=0.0 score=-0.272314 params={"max_hold_days": 90.0, "min_gap_pct": 0.005, "sell_gap_pct": 0.0, "stop_gap_ratio_floor": 0.0, "switch_hurdle_pct": 0.0}
[value_gap] train 26/96 excess=-0.272314 total=0.0 dd=0.0 score=-0.272314 params={"max_hold_days": 180.0, "min_gap_pct": 0.005, "sell_gap_pct": 0.0, "stop_gap_ratio_floor": 0.0, "switch_hurdle_pct": 0.0}
[value_gap] train 27/96 excess=-0.272314 total=0.0 dd=0.0 score=-0.272314 params={"max_hold_days": 360.0, "min_gap_pct": 0.005, "sell_gap_pct": 0.0, "stop_gap_ratio_floor": 0.0, "switch_hurdle_pct": 0.0}
[value_gap] train 28/96 excess=-0.272314 total=0.0 dd=0.0 score=-0.272314 params={"max_hold_days": 90.0, "min_gap_pct": 0.005, "sell_gap_pct": 0.0, "stop_gap_ratio_floor": 0.0, "switch_hurdle_pct": 0.01}
[value_gap] train 29/96 excess=-0.272314 total=0.0 dd=0.0 score=-0.272314 params={"max_hold_days": 180.0, "min_gap_pct": 0.005, "sell_gap_pct": 0.0, "stop_gap_ratio_floor": 0.0, "switch_hurdle_pct": 0.01}
[value_gap] train 30/96 excess=-0.272314 total=0.0 dd=0.0 score=-0.272314 params={"max_hold_days": 360.0, "min_gap_pct": 0.005, "sell_gap_pct": 0.0, "stop_gap_ratio_floor": 0.0, "switch_hurdle_pct": 0.01}
[value_gap] train 31/96 excess=-0.272314 total=0.0 dd=0.0 score=-0.272314 params={"max_hold_days": 90.0, "min_gap_pct": 0.005, "sell_gap_pct": 0.0, "stop_gap_ratio_floor": 0.0, "switch_hurdle_pct": 0.02}
[value_gap] train 32/96 excess=-0.272314 total=0.0 dd=0.0 score=-0.272314 params={"max_hold_days": 180.0, "min_gap_pct": 0.005, "sell_gap_pct": 0.0, "stop_gap_ratio_floor": 0.0, "switch_hurdle_pct": 0.02}
[value_gap] train 33/96 excess=-0.272314 total=0.0 dd=0.0 score=-0.272314 params={"max_hold_days": 360.0, "min_gap_pct": 0.005, "sell_gap_pct": 0.0, "stop_gap_ratio_floor": 0.0, "switch_hurdle_pct": 0.02}
[value_gap] train 34/96 excess=-0.272314 total=0.0 dd=0.0 score=-0.272314 params={"max_hold_days": 90.0, "min_gap_pct": 0.005, "sell_gap_pct": 0.0, "stop_gap_ratio_floor": 0.0, "switch_hurdle_pct": 0.03}
[value_gap] train 35/96 excess=-0.272314 total=0.0 dd=0.0 score=-0.272314 params={"max_hold_days": 180.0, "min_gap_pct": 0.005, "sell_gap_pct": 0.0, "stop_gap_ratio_floor": 0.0, "switch_hurdle_pct": 0.03}
[value_gap] train 36/96 excess=-0.272314 total=0.0 dd=0.0 score=-0.272314 params={"max_hold_days": 360.0, "min_gap_pct": 0.005, "sell_gap_pct": 0.0, "stop_gap_ratio_floor": 0.0, "switch_hurdle_pct": 0.03}
[value_gap] train 37/96 excess=-0.272314 total=0.0 dd=0.0 score=-0.272314 params={"max_hold_days": 90.0, "min_gap_pct": 0.005, "sell_gap_pct": 0.005, "stop_gap_ratio_floor": 0.0, "switch_hurdle_pct": 0.0}
[value_gap] train 38/96 excess=-0.272314 total=0.0 dd=0.0 score=-0.272314 params={"max_hold_days": 180.0, "min_gap_pct": 0.005, "sell_gap_pct": 0.005, "stop_gap_ratio_floor": 0.0, "switch_hurdle_pct": 0.0}
[value_gap] train 39/96 excess=-0.272314 total=0.0 dd=0.0 score=-0.272314 params={"max_hold_days": 360.0, "min_gap_pct": 0.005, "sell_gap_pct": 0.005, "stop_gap_ratio_floor": 0.0, "switch_hurdle_pct": 0.0}
[value_gap] train 40/96 excess=-0.272314 total=0.0 dd=0.0 score=-0.272314 params={"max_hold_days": 90.0, "min_gap_pct": 0.005, "sell_gap_pct": 0.005, "stop_gap_ratio_floor": 0.0, "switch_hurdle_pct": 0.01}
[value_gap] train 41/96 excess=-0.272314 total=0.0 dd=0.0 score=-0.272314 params={"max_hold_days": 180.0, "min_gap_pct": 0.005, "sell_gap_pct": 0.005, "stop_gap_ratio_floor": 0.0, "switch_hurdle_pct": 0.01}
[value_gap] train 42/96 excess=-0.272314 total=0.0 dd=0.0 score=-0.272314 params={"max_hold_days": 360.0, "min_gap_pct": 0.005, "sell_gap_pct": 0.005, "stop_gap_ratio_floor": 0.0, "switch_hurdle_pct": 0.01}
[value_gap] train 43/96 excess=-0.272314 total=0.0 dd=0.0 score=-0.272314 params={"max_hold_days": 90.0, "min_gap_pct": 0.005, "sell_gap_pct": 0.005, "stop_gap_ratio_floor": 0.0, "switch_hurdle_pct": 0.02}
[value_gap] train 44/96 excess=-0.272314 total=0.0 dd=0.0 score=-0.272314 params={"max_hold_days": 180.0, "min_gap_pct": 0.005, "sell_gap_pct": 0.005, "stop_gap_ratio_floor": 0.0, "switch_hurdle_pct": 0.02}
[value_gap] train 45/96 excess=-0.272314 total=0.0 dd=0.0 score=-0.272314 params={"max_hold_days": 360.0, "min_gap_pct": 0.005, "sell_gap_pct": 0.005, "stop_gap_ratio_floor": 0.0, "switch_hurdle_pct": 0.02}
[value_gap] train 46/96 excess=-0.272314 total=0.0 dd=0.0 score=-0.272314 params={"max_hold_days": 90.0, "min_gap_pct": 0.005, "sell_gap_pct": 0.005, "stop_gap_ratio_floor": 0.0, "switch_hurdle_pct": 0.03}
[value_gap] train 47/96 excess=-0.272314 total=0.0 dd=0.0 score=-0.272314 params={"max_hold_days": 180.0, "min_gap_pct": 0.005, "sell_gap_pct": 0.005, "stop_gap_ratio_floor": 0.0, "switch_hurdle_pct": 0.03}
[value_gap] train 48/96 excess=-0.272314 total=0.0 dd=0.0 score=-0.272314 params={"max_hold_days": 360.0, "min_gap_pct": 0.005, "sell_gap_pct": 0.005, "stop_gap_ratio_floor": 0.0, "switch_hurdle_pct": 0.03}
[value_gap] train 49/96 excess=-0.272314 total=0.0 dd=0.0 score=-0.272314 params={"max_hold_days": 90.0, "min_gap_pct": 0.01, "sell_gap_pct": 0.0, "stop_gap_ratio_floor": 0.0, "switch_hurdle_pct": 0.0}
[value_gap] train 50/96 excess=-0.272314 total=0.0 dd=0.0 score=-0.272314 params={"max_hold_days": 180.0, "min_gap_pct": 0.01, "sell_gap_pct": 0.0, "stop_gap_ratio_floor": 0.0, "switch_hurdle_pct": 0.0}
[value_gap] train 51/96 excess=-0.272314 total=0.0 dd=0.0 score=-0.272314 params={"max_hold_days": 360.0, "min_gap_pct": 0.01, "sell_gap_pct": 0.0, "stop_gap_ratio_floor": 0.0, "switch_hurdle_pct": 0.0}
[value_gap] train 52/96 excess=-0.272314 total=0.0 dd=0.0 score=-0.272314 params={"max_hold_days": 90.0, "min_gap_pct": 0.01, "sell_gap_pct": 0.0, "stop_gap_ratio_floor": 0.0, "switch_hurdle_pct": 0.01}
[value_gap] train 53/96 excess=-0.272314 total=0.0 dd=0.0 score=-0.272314 params={"max_hold_days": 180.0, "min_gap_pct": 0.01, "sell_gap_pct": 0.0, "stop_gap_ratio_floor": 0.0, "switch_hurdle_pct": 0.01}
[value_gap] train 54/96 excess=-0.272314 total=0.0 dd=0.0 score=-0.272314 params={"max_hold_days": 360.0, "min_gap_pct": 0.01, "sell_gap_pct": 0.0, "stop_gap_ratio_floor": 0.0, "switch_hurdle_pct": 0.01}
[value_gap] train 55/96 excess=-0.272314 total=0.0 dd=0.0 score=-0.272314 params={"max_hold_days": 90.0, "min_gap_pct": 0.01, "sell_gap_pct": 0.0, "stop_gap_ratio_floor": 0.0, "switch_hurdle_pct": 0.02}
[value_gap] train 56/96 excess=-0.272314 total=0.0 dd=0.0 score=-0.272314 params={"max_hold_days": 180.0, "min_gap_pct": 0.01, "sell_gap_pct": 0.0, "stop_gap_ratio_floor": 0.0, "switch_hurdle_pct": 0.02}
[value_gap] train 57/96 excess=-0.272314 total=0.0 dd=0.0 score=-0.272314 params={"max_hold_days": 360.0, "min_gap_pct": 0.01, "sell_gap_pct": 0.0, "stop_gap_ratio_floor": 0.0, "switch_hurdle_pct": 0.02}
[value_gap] train 58/96 excess=-0.272314 total=0.0 dd=0.0 score=-0.272314 params={"max_hold_days": 90.0, "min_gap_pct": 0.01, "sell_gap_pct": 0.0, "stop_gap_ratio_floor": 0.0, "switch_hurdle_pct": 0.03}
[value_gap] train 59/96 excess=-0.272314 total=0.0 dd=0.0 score=-0.272314 params={"max_hold_days": 180.0, "min_gap_pct": 0.01, "sell_gap_pct": 0.0, "stop_gap_ratio_floor": 0.0, "switch_hurdle_pct": 0.03}
[value_gap] train 60/96 excess=-0.272314 total=0.0 dd=0.0 score=-0.272314 params={"max_hold_days": 360.0, "min_gap_pct": 0.01, "sell_gap_pct": 0.0, "stop_gap_ratio_floor": 0.0, "switch_hurdle_pct": 0.03}
[value_gap] train 61/96 excess=-0.272314 total=0.0 dd=0.0 score=-0.272314 params={"max_hold_days": 90.0, "min_gap_pct": 0.01, "sell_gap_pct": 0.005, "stop_gap_ratio_floor": 0.0, "switch_hurdle_pct": 0.0}
[value_gap] train 62/96 excess=-0.272314 total=0.0 dd=0.0 score=-0.272314 params={"max_hold_days": 180.0, "min_gap_pct": 0.01, "sell_gap_pct": 0.005, "stop_gap_ratio_floor": 0.0, "switch_hurdle_pct": 0.0}
[value_gap] train 63/96 excess=-0.272314 total=0.0 dd=0.0 score=-0.272314 params={"max_hold_days": 360.0, "min_gap_pct": 0.01, "sell_gap_pct": 0.005, "stop_gap_ratio_floor": 0.0, "switch_hurdle_pct": 0.0}
[value_gap] train 64/96 excess=-0.272314 total=0.0 dd=0.0 score=-0.272314 params={"max_hold_days": 90.0, "min_gap_pct": 0.01, "sell_gap_pct": 0.005, "stop_gap_ratio_floor": 0.0, "switch_hurdle_pct": 0.01}
[value_gap] train 65/96 excess=-0.272314 total=0.0 dd=0.0 score=-0.272314 params={"max_hold_days": 180.0, "min_gap_pct": 0.01, "sell_gap_pct": 0.005, "stop_gap_ratio_floor": 0.0, "switch_hurdle_pct": 0.01}
[value_gap] train 66/96 excess=-0.272314 total=0.0 dd=0.0 score=-0.272314 params={"max_hold_days": 360.0, "min_gap_pct": 0.01, "sell_gap_pct": 0.005, "stop_gap_ratio_floor": 0.0, "switch_hurdle_pct": 0.01}
[value_gap] train 67/96 excess=-0.272314 total=0.0 dd=0.0 score=-0.272314 params={"max_hold_days": 90.0, "min_gap_pct": 0.01, "sell_gap_pct": 0.005, "stop_gap_ratio_floor": 0.0, "switch_hurdle_pct": 0.02}
[value_gap] train 68/96 excess=-0.272314 total=0.0 dd=0.0 score=-0.272314 params={"max_hold_days": 180.0, "min_gap_pct": 0.01, "sell_gap_pct": 0.005, "stop_gap_ratio_floor": 0.0, "switch_hurdle_pct": 0.02}
[value_gap] train 69/96 excess=-0.272314 total=0.0 dd=0.0 score=-0.272314 params={"max_hold_days": 360.0, "min_gap_pct": 0.01, "sell_gap_pct": 0.005, "stop_gap_ratio_floor": 0.0, "switch_hurdle_pct": 0.02}
[value_gap] train 70/96 excess=-0.272314 total=0.0 dd=0.0 score=-0.272314 params={"max_hold_days": 90.0, "min_gap_pct": 0.01, "sell_gap_pct": 0.005, "stop_gap_ratio_floor": 0.0, "switch_hurdle_pct": 0.03}
[value_gap] train 71/96 excess=-0.272314 total=0.0 dd=0.0 score=-0.272314 params={"max_hold_days": 180.0, "min_gap_pct": 0.01, "sell_gap_pct": 0.005, "stop_gap_ratio_floor": 0.0, "switch_hurdle_pct": 0.03}
[value_gap] train 72/96 excess=-0.272314 total=0.0 dd=0.0 score=-0.272314 params={"max_hold_days": 360.0, "min_gap_pct": 0.01, "sell_gap_pct": 0.005, "stop_gap_ratio_floor": 0.0, "switch_hurdle_pct": 0.03}
[value_gap] train 73/96 excess=-0.272314 total=0.0 dd=0.0 score=-0.272314 params={"max_hold_days": 90.0, "min_gap_pct": 0.03, "sell_gap_pct": 0.0, "stop_gap_ratio_floor": 0.0, "switch_hurdle_pct": 0.0}
[value_gap] train 74/96 excess=-0.272314 total=0.0 dd=0.0 score=-0.272314 params={"max_hold_days": 180.0, "min_gap_pct": 0.03, "sell_gap_pct": 0.0, "stop_gap_ratio_floor": 0.0, "switch_hurdle_pct": 0.0}
[value_gap] train 75/96 excess=-0.272314 total=0.0 dd=0.0 score=-0.272314 params={"max_hold_days": 360.0, "min_gap_pct": 0.03, "sell_gap_pct": 0.0, "stop_gap_ratio_floor": 0.0, "switch_hurdle_pct": 0.0}
[value_gap] train 76/96 excess=-0.272314 total=0.0 dd=0.0 score=-0.272314 params={"max_hold_days": 90.0, "min_gap_pct": 0.03, "sell_gap_pct": 0.0, "stop_gap_ratio_floor": 0.0, "switch_hurdle_pct": 0.01}
[value_gap] train 77/96 excess=-0.272314 total=0.0 dd=0.0 score=-0.272314 params={"max_hold_days": 180.0, "min_gap_pct": 0.03, "sell_gap_pct": 0.0, "stop_gap_ratio_floor": 0.0, "switch_hurdle_pct": 0.01}
[value_gap] train 78/96 excess=-0.272314 total=0.0 dd=0.0 score=-0.272314 params={"max_hold_days": 360.0, "min_gap_pct": 0.03, "sell_gap_pct": 0.0, "stop_gap_ratio_floor": 0.0, "switch_hurdle_pct": 0.01}
[value_gap] train 79/96 excess=-0.272314 total=0.0 dd=0.0 score=-0.272314 params={"max_hold_days": 90.0, "min_gap_pct": 0.03, "sell_gap_pct": 0.0, "stop_gap_ratio_floor": 0.0, "switch_hurdle_pct": 0.02}
[value_gap] train 80/96 excess=-0.272314 total=0.0 dd=0.0 score=-0.272314 params={"max_hold_days": 180.0, "min_gap_pct": 0.03, "sell_gap_pct": 0.0, "stop_gap_ratio_floor": 0.0, "switch_hurdle_pct": 0.02}
[value_gap] train 81/96 excess=-0.272314 total=0.0 dd=0.0 score=-0.272314 params={"max_hold_days": 360.0, "min_gap_pct": 0.03, "sell_gap_pct": 0.0, "stop_gap_ratio_floor": 0.0, "switch_hurdle_pct": 0.02}
[value_gap] train 82/96 excess=-0.272314 total=0.0 dd=0.0 score=-0.272314 params={"max_hold_days": 90.0, "min_gap_pct": 0.03, "sell_gap_pct": 0.0, "stop_gap_ratio_floor": 0.0, "switch_hurdle_pct": 0.03}
[value_gap] train 83/96 excess=-0.272314 total=0.0 dd=0.0 score=-0.272314 params={"max_hold_days": 180.0, "min_gap_pct": 0.03, "sell_gap_pct": 0.0, "stop_gap_ratio_floor": 0.0, "switch_hurdle_pct": 0.03}
[value_gap] train 84/96 excess=-0.272314 total=0.0 dd=0.0 score=-0.272314 params={"max_hold_days": 360.0, "min_gap_pct": 0.03, "sell_gap_pct": 0.0, "stop_gap_ratio_floor": 0.0, "switch_hurdle_pct": 0.03}
[value_gap] train 85/96 excess=-0.272314 total=0.0 dd=0.0 score=-0.272314 params={"max_hold_days": 90.0, "min_gap_pct": 0.03, "sell_gap_pct": 0.005, "stop_gap_ratio_floor": 0.0, "switch_hurdle_pct": 0.0}
[value_gap] train 86/96 excess=-0.272314 total=0.0 dd=0.0 score=-0.272314 params={"max_hold_days": 180.0, "min_gap_pct": 0.03, "sell_gap_pct": 0.005, "stop_gap_ratio_floor": 0.0, "switch_hurdle_pct": 0.0}
[value_gap] train 87/96 excess=-0.272314 total=0.0 dd=0.0 score=-0.272314 params={"max_hold_days": 360.0, "min_gap_pct": 0.03, "sell_gap_pct": 0.005, "stop_gap_ratio_floor": 0.0, "switch_hurdle_pct": 0.0}
[value_gap] train 88/96 excess=-0.272314 total=0.0 dd=0.0 score=-0.272314 params={"max_hold_days": 90.0, "min_gap_pct": 0.03, "sell_gap_pct": 0.005, "stop_gap_ratio_floor": 0.0, "switch_hurdle_pct": 0.01}
[value_gap] train 89/96 excess=-0.272314 total=0.0 dd=0.0 score=-0.272314 params={"max_hold_days": 180.0, "min_gap_pct": 0.03, "sell_gap_pct": 0.005, "stop_gap_ratio_floor": 0.0, "switch_hurdle_pct": 0.01}
[value_gap] train 90/96 excess=-0.272314 total=0.0 dd=0.0 score=-0.272314 params={"max_hold_days": 360.0, "min_gap_pct": 0.03, "sell_gap_pct": 0.005, "stop_gap_ratio_floor": 0.0, "switch_hurdle_pct": 0.01}
[value_gap] train 91/96 excess=-0.272314 total=0.0 dd=0.0 score=-0.272314 params={"max_hold_days": 90.0, "min_gap_pct": 0.03, "sell_gap_pct": 0.005, "stop_gap_ratio_floor": 0.0, "switch_hurdle_pct": 0.02}
[value_gap] train 92/96 excess=-0.272314 total=0.0 dd=0.0 score=-0.272314 params={"max_hold_days": 180.0, "min_gap_pct": 0.03, "sell_gap_pct": 0.005, "stop_gap_ratio_floor": 0.0, "switch_hurdle_pct": 0.02}
[value_gap] train 93/96 excess=-0.272314 total=0.0 dd=0.0 score=-0.272314 params={"max_hold_days": 360.0, "min_gap_pct": 0.03, "sell_gap_pct": 0.005, "stop_gap_ratio_floor": 0.0, "switch_hurdle_pct": 0.02}
[value_gap] train 94/96 excess=-0.272314 total=0.0 dd=0.0 score=-0.272314 params={"max_hold_days": 90.0, "min_gap_pct": 0.03, "sell_gap_pct": 0.005, "stop_gap_ratio_floor": 0.0, "switch_hurdle_pct": 0.03}
[value_gap] train 95/96 excess=-0.272314 total=0.0 dd=0.0 score=-0.272314 params={"max_hold_days": 180.0, "min_gap_pct": 0.03, "sell_gap_pct": 0.005, "stop_gap_ratio_floor": 0.0, "switch_hurdle_pct": 0.03}
[value_gap] train 96/96 excess=-0.272314 total=0.0 dd=0.0 score=-0.272314 params={"max_hold_days": 360.0, "min_gap_pct": 0.03, "sell_gap_pct": 0.005, "stop_gap_ratio_floor": 0.0, "switch_hurdle_pct": 0.03}
[value_gap] test excess=-0.352265 total=0.0 dd=0.0 score=-0.352265 params={"max_hold_days": 90.0, "min_gap_pct": 0.0, "sell_gap_pct": 0.0, "stop_gap_ratio_floor": 0.0, "switch_hurdle_pct": 0.0}
[value_gap] test excess=-0.352265 total=0.0 dd=0.0 score=-0.352265 params={"max_hold_days": 180.0, "min_gap_pct": 0.0, "sell_gap_pct": 0.0, "stop_gap_ratio_floor": 0.0, "switch_hurdle_pct": 0.0}
[value_gap] test excess=-0.352265 total=0.0 dd=0.0 score=-0.352265 params={"max_hold_days": 360.0, "min_gap_pct": 0.0, "sell_gap_pct": 0.0, "stop_gap_ratio_floor": 0.0, "switch_hurdle_pct": 0.0}
[value_gap] test excess=-0.352265 total=0.0 dd=0.0 score=-0.352265 params={"max_hold_days": 90.0, "min_gap_pct": 0.0, "sell_gap_pct": 0.0, "stop_gap_ratio_floor": 0.0, "switch_hurdle_pct": 0.01}
[value_gap] test excess=-0.352265 total=0.0 dd=0.0 score=-0.352265 params={"max_hold_days": 180.0, "min_gap_pct": 0.0, "sell_gap_pct": 0.0, "stop_gap_ratio_floor": 0.0, "switch_hurdle_pct": 0.01}
[value_gap] test excess=-0.352265 total=0.0 dd=0.0 score=-0.352265 params={"max_hold_days": 360.0, "min_gap_pct": 0.0, "sell_gap_pct": 0.0, "stop_gap_ratio_floor": 0.0, "switch_hurdle_pct": 0.01}
[value_gap] test excess=-0.352265 total=0.0 dd=0.0 score=-0.352265 params={"max_hold_days": 90.0, "min_gap_pct": 0.0, "sell_gap_pct": 0.0, "stop_gap_ratio_floor": 0.0, "switch_hurdle_pct": 0.02}
[value_gap] test excess=-0.352265 total=0.0 dd=0.0 score=-0.352265 params={"max_hold_days": 180.0, "min_gap_pct": 0.0, "sell_gap_pct": 0.0, "stop_gap_ratio_floor": 0.0, "switch_hurdle_pct": 0.02}
[value_gap] test excess=-0.352265 total=0.0 dd=0.0 score=-0.352265 params={"max_hold_days": 360.0, "min_gap_pct": 0.0, "sell_gap_pct": 0.0, "stop_gap_ratio_floor": 0.0, "switch_hurdle_pct": 0.02}
[value_gap] test excess=-0.352265 total=0.0 dd=0.0 score=-0.352265 params={"max_hold_days": 90.0, "min_gap_pct": 0.0, "sell_gap_pct": 0.0, "stop_gap_ratio_floor": 0.0, "switch_hurdle_pct": 0.03}
[value_gap] summary {"train_start": "20190101", "train_end": "20241231", "test_start": "20250101", "test_end": "20260508", "n_candidates": 96, "top_n": 10, "cost_model_enabled": false, "slippage_pct": 0.0015, "market_impact_coeff": 0.001, "market_impact_cap_pct": 0.02, "holding_cost_pct": 0.0, "train_best": {"candidate": "{\"max_hold_days\": 90.0, \"min_gap_pct\": 0.0, \"sell_gap_pct\": 0.0, \"stop_gap_ratio_floor\": 0.0, \"switch_hurdle_pct\": 0.0}", "min_gap_pct": 0.0, "sell_gap_pct": 0.0, "switch_hurdle_pct": 0.0, "max_hold_days": 90.0, "stop_gap_ratio_floor": 0.0, "total_return": 0.0, "excess_return": -0.272314, "max_drawdown": 0.0, "win_rate": 0.0, "total_trades": 0, "n_days": 1456, "score": -0.272314}, "test_best": {"candidate": "{\"max_hold_days\": 90.0, \"min_gap_pct\": 0.0, \"sell_gap_pct\": 0.0, \"stop_gap_ratio_floor\": 0.0, \"switch_hurdle_pct\": 0.0}", "min_gap_pct": 0.0, "sell_gap_pct": 0.0, "switch_hurdle_pct": 0.0, "max_hold_days": 90.0, "stop_gap_ratio_floor": 0.0, "stop_signal_threshold": 999.0, "total_return": 0.0, "excess_return": -0.352265, "max_drawdown": 0.0, "win_rate": 0.0, "total_trades": 0, "n_days": 323, "score": -0.352265}}
[value_gap] wrote data/cb_arb_value_gap_switch_full-flip-probe_20260524
