$ /usr/bin/python3 scripts/evaluate_cb_arb_reverse_probe.py --data-root data/cb_arb_concurrent_supervised_20260511_094500 --train-start 20190101 --train-end 20241231 --test-start 20250101 --test-end 20260508 --output-dir data/cb_arb_value_gap_switch_reverse-probe_20260524

[reverse_probe] sort_values('value_gap_amount') patched to ascending=True
[reverse_probe] candidate filter value_gap_amount > 0 left intact (picks least under-priced)
[repair] ranked 100/1779 20190603
[repair] ranked 200/1779 20191030
[repair] ranked 300/1779 20200327
[repair] ranked 400/1779 20200824
[repair] ranked 500/1779 20210120
[repair] ranked 600/1779 20210623
[repair] ranked 700/1779 20211119
[repair] ranked 800/1779 20220420
[repair] ranked 900/1779 20220914
[repair] ranked 1000/1779 20230216
[repair] ranked 1100/1779 20230714
[repair] ranked 1200/1779 20231211
[repair] ranked 1300/1779 20240515
[repair] ranked 1400/1779 20241014
[repair] ranked 1500/1779 20250312
[repair] ranked 1600/1779 20250806
[repair] ranked 1700/1779 20260105
[value_gap] candidates=96
[value_gap] train 1/96 excess=1.061508 total=1.333822 dd=-0.215581 score=1.007613 params={"max_hold_days": 90.0, "min_gap_pct": 0.0, "sell_gap_pct": 0.0, "stop_gap_ratio_floor": 0.0, "switch_hurdle_pct": 0.0}
[value_gap] train 2/96 excess=0.896143 total=1.168458 dd=-0.176117 score=0.852114 params={"max_hold_days": 180.0, "min_gap_pct": 0.0, "sell_gap_pct": 0.0, "stop_gap_ratio_floor": 0.0, "switch_hurdle_pct": 0.0}
[value_gap] train 3/96 excess=1.064914 total=1.337228 dd=-0.217212 score=1.010611 params={"max_hold_days": 360.0, "min_gap_pct": 0.0, "sell_gap_pct": 0.0, "stop_gap_ratio_floor": 0.0, "switch_hurdle_pct": 0.0}
[value_gap] train 4/96 excess=0.964281 total=1.236596 dd=-0.228295 score=0.907207 params={"max_hold_days": 90.0, "min_gap_pct": 0.0, "sell_gap_pct": 0.0, "stop_gap_ratio_floor": 0.0, "switch_hurdle_pct": 0.01}
[value_gap] train 5/96 excess=0.849345 total=1.121659 dd=-0.200971 score=0.799102 params={"max_hold_days": 180.0, "min_gap_pct": 0.0, "sell_gap_pct": 0.0, "stop_gap_ratio_floor": 0.0, "switch_hurdle_pct": 0.01}
[value_gap] train 6/96 excess=0.75933 total=1.031644 dd=-0.239577 score=0.699436 params={"max_hold_days": 360.0, "min_gap_pct": 0.0, "sell_gap_pct": 0.0, "stop_gap_ratio_floor": 0.0, "switch_hurdle_pct": 0.01}
[value_gap] train 7/96 excess=0.869911 total=1.142225 dd=-0.229523 score=0.81253 params={"max_hold_days": 90.0, "min_gap_pct": 0.0, "sell_gap_pct": 0.0, "stop_gap_ratio_floor": 0.0, "switch_hurdle_pct": 0.02}
[value_gap] train 8/96 excess=0.84764 total=1.119954 dd=-0.201766 score=0.797198 params={"max_hold_days": 180.0, "min_gap_pct": 0.0, "sell_gap_pct": 0.0, "stop_gap_ratio_floor": 0.0, "switch_hurdle_pct": 0.02}
[value_gap] train 9/96 excess=0.909221 total=1.181536 dd=-0.238802 score=0.84952 params={"max_hold_days": 360.0, "min_gap_pct": 0.0, "sell_gap_pct": 0.0, "stop_gap_ratio_floor": 0.0, "switch_hurdle_pct": 0.02}
[value_gap] train 10/96 excess=1.150078 total=1.422393 dd=-0.217466 score=1.095711 params={"max_hold_days": 90.0, "min_gap_pct": 0.0, "sell_gap_pct": 0.0, "stop_gap_ratio_floor": 0.0, "switch_hurdle_pct": 0.03}
[value_gap] train 11/96 excess=0.758154 total=1.030468 dd=-0.178923 score=0.713423 params={"max_hold_days": 180.0, "min_gap_pct": 0.0, "sell_gap_pct": 0.0, "stop_gap_ratio_floor": 0.0, "switch_hurdle_pct": 0.03}
[value_gap] train 12/96 excess=0.910383 total=1.182698 dd=-0.231806 score=0.852432 params={"max_hold_days": 360.0, "min_gap_pct": 0.0, "sell_gap_pct": 0.0, "stop_gap_ratio_floor": 0.0, "switch_hurdle_pct": 0.03}
[value_gap] train 13/96 excess=1.061508 total=1.333822 dd=-0.215581 score=1.007613 params={"max_hold_days": 90.0, "min_gap_pct": 0.0, "sell_gap_pct": 0.005, "stop_gap_ratio_floor": 0.0, "switch_hurdle_pct": 0.0}
[value_gap] train 14/96 excess=0.896143 total=1.168458 dd=-0.176117 score=0.852114 params={"max_hold_days": 180.0, "min_gap_pct": 0.0, "sell_gap_pct": 0.005, "stop_gap_ratio_floor": 0.0, "switch_hurdle_pct": 0.0}
[value_gap] train 15/96 excess=1.064914 total=1.337228 dd=-0.217212 score=1.010611 params={"max_hold_days": 360.0, "min_gap_pct": 0.0, "sell_gap_pct": 0.005, "stop_gap_ratio_floor": 0.0, "switch_hurdle_pct": 0.0}
[value_gap] train 16/96 excess=0.964281 total=1.236596 dd=-0.228295 score=0.907207 params={"max_hold_days": 90.0, "min_gap_pct": 0.0, "sell_gap_pct": 0.005, "stop_gap_ratio_floor": 0.0, "switch_hurdle_pct": 0.01}
[value_gap] train 17/96 excess=0.849345 total=1.121659 dd=-0.200971 score=0.799102 params={"max_hold_days": 180.0, "min_gap_pct": 0.0, "sell_gap_pct": 0.005, "stop_gap_ratio_floor": 0.0, "switch_hurdle_pct": 0.01}
[value_gap] train 18/96 excess=0.75933 total=1.031644 dd=-0.239577 score=0.699436 params={"max_hold_days": 360.0, "min_gap_pct": 0.0, "sell_gap_pct": 0.005, "stop_gap_ratio_floor": 0.0, "switch_hurdle_pct": 0.01}
[value_gap] train 19/96 excess=0.869911 total=1.142225 dd=-0.229523 score=0.81253 params={"max_hold_days": 90.0, "min_gap_pct": 0.0, "sell_gap_pct": 0.005, "stop_gap_ratio_floor": 0.0, "switch_hurdle_pct": 0.02}
[value_gap] train 20/96 excess=0.84764 total=1.119954 dd=-0.201766 score=0.797198 params={"max_hold_days": 180.0, "min_gap_pct": 0.0, "sell_gap_pct": 0.005, "stop_gap_ratio_floor": 0.0, "switch_hurdle_pct": 0.02}
[value_gap] train 21/96 excess=0.909221 total=1.181536 dd=-0.238802 score=0.84952 params={"max_hold_days": 360.0, "min_gap_pct": 0.0, "sell_gap_pct": 0.005, "stop_gap_ratio_floor": 0.0, "switch_hurdle_pct": 0.02}
[value_gap] train 22/96 excess=1.150078 total=1.422393 dd=-0.217466 score=1.095711 params={"max_hold_days": 90.0, "min_gap_pct": 0.0, "sell_gap_pct": 0.005, "stop_gap_ratio_floor": 0.0, "switch_hurdle_pct": 0.03}
[value_gap] train 23/96 excess=0.758154 total=1.030468 dd=-0.178923 score=0.713423 params={"max_hold_days": 180.0, "min_gap_pct": 0.0, "sell_gap_pct": 0.005, "stop_gap_ratio_floor": 0.0, "switch_hurdle_pct": 0.03}
[value_gap] train 24/96 excess=0.910383 total=1.182698 dd=-0.231806 score=0.852432 params={"max_hold_days": 360.0, "min_gap_pct": 0.0, "sell_gap_pct": 0.005, "stop_gap_ratio_floor": 0.0, "switch_hurdle_pct": 0.03}
[value_gap] train 25/96 excess=1.230694 total=1.503008 dd=-0.218767 score=1.176002 params={"max_hold_days": 90.0, "min_gap_pct": 0.005, "sell_gap_pct": 0.0, "stop_gap_ratio_floor": 0.0, "switch_hurdle_pct": 0.0}
[value_gap] train 26/96 excess=1.209434 total=1.481748 dd=-0.174055 score=1.16592 params={"max_hold_days": 180.0, "min_gap_pct": 0.005, "sell_gap_pct": 0.0, "stop_gap_ratio_floor": 0.0, "switch_hurdle_pct": 0.0}
[value_gap] train 27/96 excess=0.80841 total=1.080725 dd=-0.173001 score=0.76516 params={"max_hold_days": 360.0, "min_gap_pct": 0.005, "sell_gap_pct": 0.0, "stop_gap_ratio_floor": 0.0, "switch_hurdle_pct": 0.0}
[value_gap] train 28/96 excess=1.036846 total=1.309161 dd=-0.200277 score=0.986777 params={"max_hold_days": 90.0, "min_gap_pct": 0.005, "sell_gap_pct": 0.0, "stop_gap_ratio_floor": 0.0, "switch_hurdle_pct": 0.01}
[value_gap] train 29/96 excess=0.977546 total=1.24986 dd=-0.209723 score=0.925115 params={"max_hold_days": 180.0, "min_gap_pct": 0.005, "sell_gap_pct": 0.0, "stop_gap_ratio_floor": 0.0, "switch_hurdle_pct": 0.01}
[value_gap] train 30/96 excess=0.785617 total=1.057931 dd=-0.204779 score=0.734422 params={"max_hold_days": 360.0, "min_gap_pct": 0.005, "sell_gap_pct": 0.0, "stop_gap_ratio_floor": 0.0, "switch_hurdle_pct": 0.01}
[value_gap] train 31/96 excess=0.936201 total=1.208515 dd=-0.189241 score=0.888891 params={"max_hold_days": 90.0, "min_gap_pct": 0.005, "sell_gap_pct": 0.0, "stop_gap_ratio_floor": 0.0, "switch_hurdle_pct": 0.02}
[value_gap] train 32/96 excess=0.948941 total=1.221255 dd=-0.184379 score=0.902846 params={"max_hold_days": 180.0, "min_gap_pct": 0.005, "sell_gap_pct": 0.0, "stop_gap_ratio_floor": 0.0, "switch_hurdle_pct": 0.02}
[value_gap] train 33/96 excess=1.093309 total=1.365624 dd=-0.191876 score=1.04534 params={"max_hold_days": 360.0, "min_gap_pct": 0.005, "sell_gap_pct": 0.0, "stop_gap_ratio_floor": 0.0, "switch_hurdle_pct": 0.02}
[value_gap] train 34/96 excess=1.16372 total=1.436034 dd=-0.186863 score=1.117004 params={"max_hold_days": 90.0, "min_gap_pct": 0.005, "sell_gap_pct": 0.0, "stop_gap_ratio_floor": 0.0, "switch_hurdle_pct": 0.03}
[value_gap] train 35/96 excess=0.92137 total=1.193684 dd=-0.217972 score=0.866877 params={"max_hold_days": 180.0, "min_gap_pct": 0.005, "sell_gap_pct": 0.0, "stop_gap_ratio_floor": 0.0, "switch_hurdle_pct": 0.03}
[value_gap] train 36/96 excess=1.075432 total=1.347746 dd=-0.153079 score=1.037162 params={"max_hold_days": 360.0, "min_gap_pct": 0.005, "sell_gap_pct": 0.0, "stop_gap_ratio_floor": 0.0, "switch_hurdle_pct": 0.03}
[value_gap] train 37/96 excess=1.230694 total=1.503008 dd=-0.218767 score=1.176002 params={"max_hold_days": 90.0, "min_gap_pct": 0.005, "sell_gap_pct": 0.005, "stop_gap_ratio_floor": 0.0, "switch_hurdle_pct": 0.0}
[value_gap] train 38/96 excess=1.209434 total=1.481748 dd=-0.174055 score=1.16592 params={"max_hold_days": 180.0, "min_gap_pct": 0.005, "sell_gap_pct": 0.005, "stop_gap_ratio_floor": 0.0, "switch_hurdle_pct": 0.0}
[value_gap] train 39/96 excess=0.80841 total=1.080725 dd=-0.173001 score=0.76516 params={"max_hold_days": 360.0, "min_gap_pct": 0.005, "sell_gap_pct": 0.005, "stop_gap_ratio_floor": 0.0, "switch_hurdle_pct": 0.0}
[value_gap] train 40/96 excess=1.036846 total=1.309161 dd=-0.200277 score=0.986777 params={"max_hold_days": 90.0, "min_gap_pct": 0.005, "sell_gap_pct": 0.005, "stop_gap_ratio_floor": 0.0, "switch_hurdle_pct": 0.01}
[value_gap] train 41/96 excess=0.977546 total=1.24986 dd=-0.209723 score=0.925115 params={"max_hold_days": 180.0, "min_gap_pct": 0.005, "sell_gap_pct": 0.005, "stop_gap_ratio_floor": 0.0, "switch_hurdle_pct": 0.01}
[value_gap] train 42/96 excess=0.785617 total=1.057931 dd=-0.204779 score=0.734422 params={"max_hold_days": 360.0, "min_gap_pct": 0.005, "sell_gap_pct": 0.005, "stop_gap_ratio_floor": 0.0, "switch_hurdle_pct": 0.01}
[value_gap] train 43/96 excess=0.936201 total=1.208515 dd=-0.189241 score=0.888891 params={"max_hold_days": 90.0, "min_gap_pct": 0.005, "sell_gap_pct": 0.005, "stop_gap_ratio_floor": 0.0, "switch_hurdle_pct": 0.02}
[value_gap] train 44/96 excess=0.948941 total=1.221255 dd=-0.184379 score=0.902846 params={"max_hold_days": 180.0, "min_gap_pct": 0.005, "sell_gap_pct": 0.005, "stop_gap_ratio_floor": 0.0, "switch_hurdle_pct": 0.02}
[value_gap] train 45/96 excess=1.093309 total=1.365624 dd=-0.191876 score=1.04534 params={"max_hold_days": 360.0, "min_gap_pct": 0.005, "sell_gap_pct": 0.005, "stop_gap_ratio_floor": 0.0, "switch_hurdle_pct": 0.02}
[value_gap] train 46/96 excess=1.16372 total=1.436034 dd=-0.186863 score=1.117004 params={"max_hold_days": 90.0, "min_gap_pct": 0.005, "sell_gap_pct": 0.005, "stop_gap_ratio_floor": 0.0, "switch_hurdle_pct": 0.03}
[value_gap] train 47/96 excess=0.92137 total=1.193684 dd=-0.217972 score=0.866877 params={"max_hold_days": 180.0, "min_gap_pct": 0.005, "sell_gap_pct": 0.005, "stop_gap_ratio_floor": 0.0, "switch_hurdle_pct": 0.03}
[value_gap] train 48/96 excess=1.075432 total=1.347746 dd=-0.153079 score=1.037162 params={"max_hold_days": 360.0, "min_gap_pct": 0.005, "sell_gap_pct": 0.005, "stop_gap_ratio_floor": 0.0, "switch_hurdle_pct": 0.03}
[value_gap] train 49/96 excess=1.220622 total=1.492937 dd=-0.174923 score=1.176891 params={"max_hold_days": 90.0, "min_gap_pct": 0.01, "sell_gap_pct": 0.0, "stop_gap_ratio_floor": 0.0, "switch_hurdle_pct": 0.0}
[value_gap] train 50/96 excess=1.092562 total=1.364876 dd=-0.181655 score=1.047148 params={"max_hold_days": 180.0, "min_gap_pct": 0.01, "sell_gap_pct": 0.0, "stop_gap_ratio_floor": 0.0, "switch_hurdle_pct": 0.0}
[value_gap] train 51/96 excess=0.852698 total=1.125012 dd=-0.145415 score=0.816344 params={"max_hold_days": 360.0, "min_gap_pct": 0.01, "sell_gap_pct": 0.0, "stop_gap_ratio_floor": 0.0, "switch_hurdle_pct": 0.0}
[value_gap] train 52/96 excess=1.140114 total=1.412428 dd=-0.208372 score=1.088021 params={"max_hold_days": 90.0, "min_gap_pct": 0.01, "sell_gap_pct": 0.0, "stop_gap_ratio_floor": 0.0, "switch_hurdle_pct": 0.01}
[value_gap] train 53/96 excess=1.308161 total=1.580476 dd=-0.198351 score=1.258573 params={"max_hold_days": 180.0, "min_gap_pct": 0.01, "sell_gap_pct": 0.0, "stop_gap_ratio_floor": 0.0, "switch_hurdle_pct": 0.01}
[value_gap] train 54/96 excess=0.899068 total=1.171383 dd=-0.191085 score=0.851297 params={"max_hold_days": 360.0, "min_gap_pct": 0.01, "sell_gap_pct": 0.0, "stop_gap_ratio_floor": 0.0, "switch_hurdle_pct": 0.01}
[value_gap] train 55/96 excess=1.318629 total=1.590944 dd=-0.193944 score=1.270143 params={"max_hold_days": 90.0, "min_gap_pct": 0.01, "sell_gap_pct": 0.0, "stop_gap_ratio_floor": 0.0, "switch_hurdle_pct": 0.02}
[value_gap] train 56/96 excess=1.130845 total=1.403159 dd=-0.201758 score=1.080406 params={"max_hold_days": 180.0, "min_gap_pct": 0.01, "sell_gap_pct": 0.0, "stop_gap_ratio_floor": 0.0, "switch_hurdle_pct": 0.02}
[value_gap] train 57/96 excess=0.853056 total=1.125371 dd=-0.161052 score=0.812793 params={"max_hold_days": 360.0, "min_gap_pct": 0.01, "sell_gap_pct": 0.0, "stop_gap_ratio_floor": 0.0, "switch_hurdle_pct": 0.02}
[value_gap] train 58/96 excess=1.482063 total=1.754378 dd=-0.185122 score=1.435782 params={"max_hold_days": 90.0, "min_gap_pct": 0.01, "sell_gap_pct": 0.0, "stop_gap_ratio_floor": 0.0, "switch_hurdle_pct": 0.03}
[value_gap] train 59/96 excess=0.883654 total=1.155969 dd=-0.195935 score=0.83467 params={"max_hold_days": 180.0, "min_gap_pct": 0.01, "sell_gap_pct": 0.0, "stop_gap_ratio_floor": 0.0, "switch_hurdle_pct": 0.03}
[value_gap] train 60/96 excess=0.685929 total=0.958244 dd=-0.186243 score=0.639368 params={"max_hold_days": 360.0, "min_gap_pct": 0.01, "sell_gap_pct": 0.0, "stop_gap_ratio_floor": 0.0, "switch_hurdle_pct": 0.03}
[value_gap] train 61/96 excess=1.220622 total=1.492937 dd=-0.174923 score=1.176891 params={"max_hold_days": 90.0, "min_gap_pct": 0.01, "sell_gap_pct": 0.005, "stop_gap_ratio_floor": 0.0, "switch_hurdle_pct": 0.0}
[value_gap] train 62/96 excess=1.092562 total=1.364876 dd=-0.181655 score=1.047148 params={"max_hold_days": 180.0, "min_gap_pct": 0.01, "sell_gap_pct": 0.005, "stop_gap_ratio_floor": 0.0, "switch_hurdle_pct": 0.0}
[value_gap] train 63/96 excess=0.852698 total=1.125012 dd=-0.145415 score=0.816344 params={"max_hold_days": 360.0, "min_gap_pct": 0.01, "sell_gap_pct": 0.005, "stop_gap_ratio_floor": 0.0, "switch_hurdle_pct": 0.0}
[value_gap] train 64/96 excess=1.140114 total=1.412428 dd=-0.208372 score=1.088021 params={"max_hold_days": 90.0, "min_gap_pct": 0.01, "sell_gap_pct": 0.005, "stop_gap_ratio_floor": 0.0, "switch_hurdle_pct": 0.01}
[value_gap] train 65/96 excess=1.308161 total=1.580476 dd=-0.198351 score=1.258573 params={"max_hold_days": 180.0, "min_gap_pct": 0.01, "sell_gap_pct": 0.005, "stop_gap_ratio_floor": 0.0, "switch_hurdle_pct": 0.01}
[value_gap] train 66/96 excess=0.899068 total=1.171383 dd=-0.191085 score=0.851297 params={"max_hold_days": 360.0, "min_gap_pct": 0.01, "sell_gap_pct": 0.005, "stop_gap_ratio_floor": 0.0, "switch_hurdle_pct": 0.01}
[value_gap] train 67/96 excess=1.318629 total=1.590944 dd=-0.193944 score=1.270143 params={"max_hold_days": 90.0, "min_gap_pct": 0.01, "sell_gap_pct": 0.005, "stop_gap_ratio_floor": 0.0, "switch_hurdle_pct": 0.02}
[value_gap] train 68/96 excess=1.130845 total=1.403159 dd=-0.201758 score=1.080406 params={"max_hold_days": 180.0, "min_gap_pct": 0.01, "sell_gap_pct": 0.005, "stop_gap_ratio_floor": 0.0, "switch_hurdle_pct": 0.02}
[value_gap] train 69/96 excess=0.853056 total=1.125371 dd=-0.161052 score=0.812793 params={"max_hold_days": 360.0, "min_gap_pct": 0.01, "sell_gap_pct": 0.005, "stop_gap_ratio_floor": 0.0, "switch_hurdle_pct": 0.02}
[value_gap] train 70/96 excess=1.482063 total=1.754378 dd=-0.185122 score=1.435782 params={"max_hold_days": 90.0, "min_gap_pct": 0.01, "sell_gap_pct": 0.005, "stop_gap_ratio_floor": 0.0, "switch_hurdle_pct": 0.03}
[value_gap] train 71/96 excess=0.883654 total=1.155969 dd=-0.195935 score=0.83467 params={"max_hold_days": 180.0, "min_gap_pct": 0.01, "sell_gap_pct": 0.005, "stop_gap_ratio_floor": 0.0, "switch_hurdle_pct": 0.03}
[value_gap] train 72/96 excess=0.685929 total=0.958244 dd=-0.186243 score=0.639368 params={"max_hold_days": 360.0, "min_gap_pct": 0.01, "sell_gap_pct": 0.005, "stop_gap_ratio_floor": 0.0, "switch_hurdle_pct": 0.03}
[value_gap] train 73/96 excess=1.096996 total=1.369311 dd=-0.191188 score=1.049199 params={"max_hold_days": 90.0, "min_gap_pct": 0.03, "sell_gap_pct": 0.0, "stop_gap_ratio_floor": 0.0, "switch_hurdle_pct": 0.0}
[value_gap] train 74/96 excess=0.761566 total=1.03388 dd=-0.198021 score=0.712061 params={"max_hold_days": 180.0, "min_gap_pct": 0.03, "sell_gap_pct": 0.0, "stop_gap_ratio_floor": 0.0, "switch_hurdle_pct": 0.0}
[value_gap] train 75/96 excess=0.66086 total=0.933174 dd=-0.220661 score=0.605695 params={"max_hold_days": 360.0, "min_gap_pct": 0.03, "sell_gap_pct": 0.0, "stop_gap_ratio_floor": 0.0, "switch_hurdle_pct": 0.0}
[value_gap] train 76/96 excess=0.829686 total=1.102 dd=-0.185075 score=0.783417 params={"max_hold_days": 90.0, "min_gap_pct": 0.03, "sell_gap_pct": 0.0, "stop_gap_ratio_floor": 0.0, "switch_hurdle_pct": 0.01}
[value_gap] train 77/96 excess=0.763688 total=1.036002 dd=-0.208019 score=0.711683 params={"max_hold_days": 180.0, "min_gap_pct": 0.03, "sell_gap_pct": 0.0, "stop_gap_ratio_floor": 0.0, "switch_hurdle_pct": 0.01}
[value_gap] train 78/96 excess=0.582401 total=0.854716 dd=-0.231264 score=0.524585 params={"max_hold_days": 360.0, "min_gap_pct": 0.03, "sell_gap_pct": 0.0, "stop_gap_ratio_floor": 0.0, "switch_hurdle_pct": 0.01}
[value_gap] train 79/96 excess=0.965524 total=1.237839 dd=-0.184459 score=0.919409 params={"max_hold_days": 90.0, "min_gap_pct": 0.03, "sell_gap_pct": 0.0, "stop_gap_ratio_floor": 0.0, "switch_hurdle_pct": 0.02}
[value_gap] train 80/96 excess=0.625286 total=0.8976 dd=-0.196057 score=0.576272 params={"max_hold_days": 180.0, "min_gap_pct": 0.03, "sell_gap_pct": 0.0, "stop_gap_ratio_floor": 0.0, "switch_hurdle_pct": 0.02}
[value_gap] train 81/96 excess=0.577143 total=0.849457 dd=-0.195766 score=0.528201 params={"max_hold_days": 360.0, "min_gap_pct": 0.03, "sell_gap_pct": 0.0, "stop_gap_ratio_floor": 0.0, "switch_hurdle_pct": 0.02}
[value_gap] train 82/96 excess=0.661792 total=0.934107 dd=-0.194023 score=0.613286 params={"max_hold_days": 90.0, "min_gap_pct": 0.03, "sell_gap_pct": 0.0, "stop_gap_ratio_floor": 0.0, "switch_hurdle_pct": 0.03}
[value_gap] train 83/96 excess=0.541185 total=0.813499 dd=-0.198252 score=0.491622 params={"max_hold_days": 180.0, "min_gap_pct": 0.03, "sell_gap_pct": 0.0, "stop_gap_ratio_floor": 0.0, "switch_hurdle_pct": 0.03}
[value_gap] train 84/96 excess=0.603895 total=0.876209 dd=-0.23851 score=0.544267 params={"max_hold_days": 360.0, "min_gap_pct": 0.03, "sell_gap_pct": 0.0, "stop_gap_ratio_floor": 0.0, "switch_hurdle_pct": 0.03}
[value_gap] train 85/96 excess=1.096996 total=1.369311 dd=-0.191188 score=1.049199 params={"max_hold_days": 90.0, "min_gap_pct": 0.03, "sell_gap_pct": 0.005, "stop_gap_ratio_floor": 0.0, "switch_hurdle_pct": 0.0}
[value_gap] train 86/96 excess=0.761566 total=1.03388 dd=-0.198021 score=0.712061 params={"max_hold_days": 180.0, "min_gap_pct": 0.03, "sell_gap_pct": 0.005, "stop_gap_ratio_floor": 0.0, "switch_hurdle_pct": 0.0}
[value_gap] train 87/96 excess=0.66086 total=0.933174 dd=-0.220661 score=0.605695 params={"max_hold_days": 360.0, "min_gap_pct": 0.03, "sell_gap_pct": 0.005, "stop_gap_ratio_floor": 0.0, "switch_hurdle_pct": 0.0}
[value_gap] train 88/96 excess=0.829686 total=1.102 dd=-0.185075 score=0.783417 params={"max_hold_days": 90.0, "min_gap_pct": 0.03, "sell_gap_pct": 0.005, "stop_gap_ratio_floor": 0.0, "switch_hurdle_pct": 0.01}
[value_gap] train 89/96 excess=0.763688 total=1.036002 dd=-0.208019 score=0.711683 params={"max_hold_days": 180.0, "min_gap_pct": 0.03, "sell_gap_pct": 0.005, "stop_gap_ratio_floor": 0.0, "switch_hurdle_pct": 0.01}
[value_gap] train 90/96 excess=0.582401 total=0.854716 dd=-0.231264 score=0.524585 params={"max_hold_days": 360.0, "min_gap_pct": 0.03, "sell_gap_pct": 0.005, "stop_gap_ratio_floor": 0.0, "switch_hurdle_pct": 0.01}
[value_gap] train 91/96 excess=0.965524 total=1.237839 dd=-0.184459 score=0.919409 params={"max_hold_days": 90.0, "min_gap_pct": 0.03, "sell_gap_pct": 0.005, "stop_gap_ratio_floor": 0.0, "switch_hurdle_pct": 0.02}
[value_gap] train 92/96 excess=0.625286 total=0.8976 dd=-0.196057 score=0.576272 params={"max_hold_days": 180.0, "min_gap_pct": 0.03, "sell_gap_pct": 0.005, "stop_gap_ratio_floor": 0.0, "switch_hurdle_pct": 0.02}
[value_gap] train 93/96 excess=0.577143 total=0.849457 dd=-0.195766 score=0.528201 params={"max_hold_days": 360.0, "min_gap_pct": 0.03, "sell_gap_pct": 0.005, "stop_gap_ratio_floor": 0.0, "switch_hurdle_pct": 0.02}
[value_gap] train 94/96 excess=0.661792 total=0.934107 dd=-0.194023 score=0.613286 params={"max_hold_days": 90.0, "min_gap_pct": 0.03, "sell_gap_pct": 0.005, "stop_gap_ratio_floor": 0.0, "switch_hurdle_pct": 0.03}
[value_gap] train 95/96 excess=0.541185 total=0.813499 dd=-0.198252 score=0.491622 params={"max_hold_days": 180.0, "min_gap_pct": 0.03, "sell_gap_pct": 0.005, "stop_gap_ratio_floor": 0.0, "switch_hurdle_pct": 0.03}
[value_gap] train 96/96 excess=0.603895 total=0.876209 dd=-0.23851 score=0.544267 params={"max_hold_days": 360.0, "min_gap_pct": 0.03, "sell_gap_pct": 0.005, "stop_gap_ratio_floor": 0.0, "switch_hurdle_pct": 0.03}
[value_gap] test excess=0.284825 total=0.63709 dd=-0.112613 score=0.256672 params={"max_hold_days": 90.0, "min_gap_pct": 0.01, "sell_gap_pct": 0.0, "stop_gap_ratio_floor": 0.0, "switch_hurdle_pct": 0.03}
[value_gap] test excess=0.284825 total=0.63709 dd=-0.112613 score=0.256672 params={"max_hold_days": 90.0, "min_gap_pct": 0.01, "sell_gap_pct": 0.005, "stop_gap_ratio_floor": 0.0, "switch_hurdle_pct": 0.03}
[value_gap] test excess=0.308952 total=0.661217 dd=-0.112613 score=0.280799 params={"max_hold_days": 90.0, "min_gap_pct": 0.01, "sell_gap_pct": 0.0, "stop_gap_ratio_floor": 0.0, "switch_hurdle_pct": 0.02}
[value_gap] test excess=0.308952 total=0.661217 dd=-0.112613 score=0.280799 params={"max_hold_days": 90.0, "min_gap_pct": 0.01, "sell_gap_pct": 0.005, "stop_gap_ratio_floor": 0.0, "switch_hurdle_pct": 0.02}
[value_gap] test excess=0.380822 total=0.733087 dd=-0.112613 score=0.352669 params={"max_hold_days": 180.0, "min_gap_pct": 0.01, "sell_gap_pct": 0.0, "stop_gap_ratio_floor": 0.0, "switch_hurdle_pct": 0.01}
[value_gap] test excess=0.380822 total=0.733087 dd=-0.112613 score=0.352669 params={"max_hold_days": 180.0, "min_gap_pct": 0.01, "sell_gap_pct": 0.005, "stop_gap_ratio_floor": 0.0, "switch_hurdle_pct": 0.01}
[value_gap] test excess=0.255183 total=0.607448 dd=-0.112627 score=0.227026 params={"max_hold_days": 90.0, "min_gap_pct": 0.01, "sell_gap_pct": 0.0, "stop_gap_ratio_floor": 0.0, "switch_hurdle_pct": 0.0}
[value_gap] test excess=0.255183 total=0.607448 dd=-0.112627 score=0.227026 params={"max_hold_days": 90.0, "min_gap_pct": 0.01, "sell_gap_pct": 0.005, "stop_gap_ratio_floor": 0.0, "switch_hurdle_pct": 0.0}
[value_gap] test excess=0.22017 total=0.572435 dd=-0.11515 score=0.191383 params={"max_hold_days": 90.0, "min_gap_pct": 0.005, "sell_gap_pct": 0.0, "stop_gap_ratio_floor": 0.0, "switch_hurdle_pct": 0.0}
[value_gap] test excess=0.22017 total=0.572435 dd=-0.11515 score=0.191383 params={"max_hold_days": 90.0, "min_gap_pct": 0.005, "sell_gap_pct": 0.005, "stop_gap_ratio_floor": 0.0, "switch_hurdle_pct": 0.0}
[value_gap] summary {"train_start": "20190101", "train_end": "20241231", "test_start": "20250101", "test_end": "20260508", "n_candidates": 96, "top_n": 10, "cost_model_enabled": false, "slippage_pct": 0.0015, "market_impact_coeff": 0.001, "market_impact_cap_pct": 0.02, "holding_cost_pct": 0.0, "train_best": {"candidate": "{\"max_hold_days\": 90.0, \"min_gap_pct\": 0.01, \"sell_gap_pct\": 0.0, \"stop_gap_ratio_floor\": 0.0, \"switch_hurdle_pct\": 0.03}", "min_gap_pct": 0.01, "sell_gap_pct": 0.0, "switch_hurdle_pct": 0.03, "max_hold_days": 90.0, "stop_gap_ratio_floor": 0.0, "total_return": 1.754378, "excess_return": 1.482063, "max_drawdown": -0.185122, "win_rate": 0.5959, "total_trades": 1710, "n_days": 1456, "score": 1.435782}, "test_best": {"candidate": "{\"max_hold_days\": 180.0, \"min_gap_pct\": 0.01, \"sell_gap_pct\": 0.0, \"stop_gap_ratio_floor\": 0.0, \"switch_hurdle_pct\": 0.01}", "min_gap_pct": 0.01, "sell_gap_pct": 0.0, "switch_hurdle_pct": 0.01, "max_hold_days": 180.0, "stop_gap_ratio_floor": 0.0, "stop_signal_threshold": 999.0, "total_return": 0.733087, "excess_return": 0.380822, "max_drawdown": -0.112613, "win_rate": 0.6458, "total_trades": 367, "n_days": 323, "score": 0.352669}}
[value_gap] wrote data/cb_arb_value_gap_switch_reverse-probe_20260524
