[repair] ranked 100/1779 20190603
[repair] ranked 200/1779 20191030
[repair] ranked 300/1779 20200327
[repair] ranked 400/1779 20200824
[repair] ranked 500/1779 20210120
[repair] ranked 600/1779 20210623
[repair] ranked 700/1779 20211119
[repair] ranked 800/1779 20220420
[repair] ranked 900/1779 20220914
[repair] ranked 1000/1779 20230216
[repair] ranked 1100/1779 20230714
[repair] ranked 1200/1779 20231211
[repair] ranked 1300/1779 20240515
[repair] ranked 1400/1779 20241014
[repair] ranked 1500/1779 20250312
[repair] ranked 1600/1779 20250806
[repair] ranked 1700/1779 20260105
[source_stress] normal_revalue train_excess=0.178662 test_excess=0.465683
[repair] ranked 100/1779 20190603
[repair] ranked 200/1779 20191030
[repair] ranked 300/1779 20200327
[repair] ranked 400/1779 20200824
[repair] ranked 500/1779 20210120
[repair] ranked 600/1779 20210623
[repair] ranked 700/1779 20211119
[repair] ranked 800/1779 20220420
[repair] ranked 900/1779 20220914
[repair] ranked 1000/1779 20230216
[repair] ranked 1100/1779 20230714
[repair] ranked 1200/1779 20231211
[repair] ranked 1300/1779 20240515
[repair] ranked 1400/1779 20241014
[repair] ranked 1500/1779 20250312
[repair] ranked 1600/1779 20250806
[repair] ranked 1700/1779 20260105
[source_stress] all_credit_200bp_proxy train_excess=0.113076 test_excess=0.449938
[source_stress] source_bond20_option10_mixed_light train_excess=0.066996 test_excess=0.438065
[source_stress] source_bond10_option10_mixed_light train_excess=0.080415 test_excess=0.438065
[source_stress] source_bond20_option15_mixed_mid train_excess=0.11972 test_excess=0.435722
[source_stress] wrote data/cb_arb_value_gap_switch_stop-source-stress_2026-05-18
