$ .venv/bin/python scripts/evaluate_cb_arb_panic_option_weight.py --data-root data/cb_arb_concurrent_supervised_20260511_094500 --train-start 20190101 --train-end 20241231 --test-start 20250101 --test-end 20260508 --fixed-source 2 --rule score_4state --output-dir data/cb_arb_value_gap_rerun_9_panic_option_weight_2026-05-17 --panic-dates-file data/cb_arb_concurrent_supervised_20260511_094500/panic_detector_training/panic_detector_trained_daily.csv --panic-signal-column panic_day_trained --panic-effective-lag-days 1 --panic-option-value-weight-scope triggered_revalue --panic-opportunity-protect --panic-opportunity-protect-days 20 --panic-opportunity-bad-days 5 --panic-opportunity-switch-hurdle-pct 0.15 --panic-opportunity-exit-on-recovery --panic-opportunity-recovery-days 4 --panic-opportunity-trigger-mode medium --cost-model-enabled

[repair] ranked 100/1779 20190603
[repair] ranked 200/1779 20191030
[repair] ranked 300/1779 20200327
[repair] ranked 400/1779 20200824
[repair] ranked 500/1779 20210120
[repair] ranked 600/1779 20210623
[repair] ranked 700/1779 20211119
[repair] ranked 800/1779 20220420
[repair] ranked 900/1779 20220914
[repair] ranked 1000/1779 20230216
[repair] ranked 1100/1779 20230714
[repair] ranked 1200/1779 20231211
[repair] ranked 1300/1779 20240515
[repair] ranked 1400/1779 20241014
[repair] ranked 1500/1779 20250312
[repair] ranked 1600/1779 20250806
[repair] ranked 1700/1779 20260105
[panic_option_weight] weight_soft_100_80_60_30 train_excess=-0.06681 test_excess=0.386821
[panic_option_weight] weight_mid_100_70_40_10 train_excess=-0.098533 test_excess=0.386821
[panic_option_weight] weight_hard_100_50_20_00 train_excess=-0.052417 test_excess=0.386821
[panic_option_weight] weight_flat_70 train_excess=-0.035184 test_excess=0.386821
[panic_option_weight] weight_flat_50 train_excess=-0.074208 test_excess=0.386821
[panic_option_weight] wrote data/cb_arb_value_gap_rerun_9_panic_option_weight_2026-05-17
