$ /usr/bin/python3 scripts/grid_concentrated.py --data-root data/cb_arb_concurrent_supervised_20260511_094500 --output-dir data/cb_arb_value_gap_switch_low-freq-concentrated-v2_2026-05-19 --max-holdings-list 5,8 --max-position-pct-list 0.08,0.15 --max-holding-days-list 180,365

[grid] total configs=8: holdings=[5, 8] positions=[0.08, 0.15] days=[180, 365]
[grid] started at 2026-05-19T09:14:45
[grid] h5_p8_d180 starting...
[grid] h5_p8_d180 done
[grid] h5_p8_d365 starting...
[grid] h5_p8_d365 done
[grid] h5_p15_d180 starting...
[grid] h5_p15_d180 done
[grid] h5_p15_d365 starting...
[grid] h5_p15_d365 done
[grid] h8_p8_d180 starting...
[grid] h8_p8_d180 done
[grid] h8_p8_d365 starting...
[grid] h8_p8_d365 done
[grid] h8_p15_d180 starting...
[grid] h8_p15_d180 done
[grid] h8_p15_d365 starting...
[grid] h8_p15_d365 done
[grid] finished at 2026-05-19T11:20:47, results written to data/cb_arb_value_gap_switch_low-freq-concentrated-v2_2026-05-19/grid_summary.json
