$ .venv/bin/python scripts/evaluate_cb_arb_stop_revaluation.py --data-root data/cb_arb_concurrent_supervised_20260511_094500 --train-start 20190101 --train-end 20241231 --test-start 20250101 --test-end 20260508 --fixed-source 2 --rule score_4state --output-dir data/cb_arb_value_gap_rerun_8_stop_revaluation_2026-05-17 --cost-model-enabled

[repair] ranked 100/1779 20190603
[repair] ranked 200/1779 20191030
[repair] ranked 300/1779 20200327
[repair] ranked 400/1779 20200824
[repair] ranked 500/1779 20210120
[repair] ranked 600/1779 20210623
[repair] ranked 700/1779 20211119
[repair] ranked 800/1779 20220420
[repair] ranked 900/1779 20220914
[repair] ranked 1000/1779 20230216
[repair] ranked 1100/1779 20230714
[repair] ranked 1200/1779 20231211
[repair] ranked 1300/1779 20240515
[repair] ranked 1400/1779 20241014
[repair] ranked 1500/1779 20250312
[repair] ranked 1600/1779 20250806
[repair] ranked 1700/1779 20260105
[stop_revalue] normal_revalue train_excess=0.131363 test_excess=0.37976
[repair] ranked 100/1779 20190603
[repair] ranked 200/1779 20191030
[repair] ranked 300/1779 20200327
[repair] ranked 400/1779 20200824
[repair] ranked 500/1779 20210120
[repair] ranked 600/1779 20210623
[repair] ranked 700/1779 20211119
[repair] ranked 800/1779 20220420
[repair] ranked 900/1779 20220914
[repair] ranked 1000/1779 20230216
[repair] ranked 1100/1779 20230714
[repair] ranked 1200/1779 20231211
[repair] ranked 1300/1779 20240515
[repair] ranked 1400/1779 20241014
[repair] ranked 1500/1779 20250312
[repair] ranked 1600/1779 20250806
[repair] ranked 1700/1779 20260105
[stop_revalue] vol_70 train_excess=0.031343 test_excess=0.353231
[repair] ranked 100/1779 20190603
[repair] ranked 200/1779 20191030
[repair] ranked 300/1779 20200327
[repair] ranked 400/1779 20200824
[repair] ranked 500/1779 20210120
[repair] ranked 600/1779 20210623
[repair] ranked 700/1779 20211119
[repair] ranked 800/1779 20220420
[repair] ranked 900/1779 20220914
[repair] ranked 1000/1779 20230216
[repair] ranked 1100/1779 20230714
[repair] ranked 1200/1779 20231211
[repair] ranked 1300/1779 20240515
[repair] ranked 1400/1779 20241014
[repair] ranked 1500/1779 20250312
[repair] ranked 1600/1779 20250806
[repair] ranked 1700/1779 20260105
[stop_revalue] vol_50 train_excess=-0.083892 test_excess=0.456563
[repair] ranked 100/1779 20190603
[repair] ranked 200/1779 20191030
[repair] ranked 300/1779 20200327
[repair] ranked 400/1779 20200824
[repair] ranked 500/1779 20210120
[repair] ranked 600/1779 20210623
[repair] ranked 700/1779 20211119
[repair] ranked 800/1779 20220420
[repair] ranked 900/1779 20220914
[repair] ranked 1000/1779 20230216
[repair] ranked 1100/1779 20230714
[repair] ranked 1200/1779 20231211
[repair] ranked 1300/1779 20240515
[repair] ranked 1400/1779 20241014
[repair] ranked 1500/1779 20250312
[repair] ranked 1600/1779 20250806
[repair] ranked 1700/1779 20260105
[stop_revalue] spread_plus_100 train_excess=-0.020046 test_excess=0.388836
[repair] ranked 100/1779 20190603
[repair] ranked 200/1779 20191030
[repair] ranked 300/1779 20200327
[repair] ranked 400/1779 20200824
[repair] ranked 500/1779 20210120
[repair] ranked 600/1779 20210623
[repair] ranked 700/1779 20211119
[repair] ranked 800/1779 20220420
[repair] ranked 900/1779 20220914
[repair] ranked 1000/1779 20230216
[repair] ranked 1100/1779 20230714
[repair] ranked 1200/1779 20231211
[repair] ranked 1300/1779 20240515
[repair] ranked 1400/1779 20241014
[repair] ranked 1500/1779 20250312
[repair] ranked 1600/1779 20250806
[repair] ranked 1700/1779 20260105
[stop_revalue] spread_plus_200 train_excess=0.013299 test_excess=0.368622
[repair] ranked 100/1779 20190603
[repair] ranked 200/1779 20191030
[repair] ranked 300/1779 20200327
[repair] ranked 400/1779 20200824
[repair] ranked 500/1779 20210120
[repair] ranked 600/1779 20210623
[repair] ranked 700/1779 20211119
[repair] ranked 800/1779 20220420
[repair] ranked 900/1779 20220914
[repair] ranked 1000/1779 20230216
[repair] ranked 1100/1779 20230714
[repair] ranked 1200/1779 20231211
[repair] ranked 1300/1779 20240515
[repair] ranked 1400/1779 20241014
[repair] ranked 1500/1779 20250312
[repair] ranked 1600/1779 20250806
[repair] ranked 1700/1779 20260105
[stop_revalue] vol_70_spread_100 train_excess=0.007018 test_excess=0.356924
[repair] ranked 100/1779 20190603
[repair] ranked 200/1779 20191030
[repair] ranked 300/1779 20200327
[repair] ranked 400/1779 20200824
[repair] ranked 500/1779 20210120
[repair] ranked 600/1779 20210623
[repair] ranked 700/1779 20211119
[repair] ranked 800/1779 20220420
[repair] ranked 900/1779 20220914
[repair] ranked 1000/1779 20230216
[repair] ranked 1100/1779 20230714
[repair] ranked 1200/1779 20231211
[repair] ranked 1300/1779 20240515
[repair] ranked 1400/1779 20241014
[repair] ranked 1500/1779 20250312
[repair] ranked 1600/1779 20250806
[repair] ranked 1700/1779 20260105
[stop_revalue] vol_50_spread_200 train_excess=-0.073663 test_excess=0.412705
[stop_revalue] wrote data/cb_arb_value_gap_rerun_8_stop_revaluation_2026-05-17
