$ /usr/bin/python3 scripts/evaluate_cb_arb_reverse_probe.py --data-root data/cb_arb_concurrent_supervised_20260511_094500 --train-start 20190101 --train-end 20241231 --test-start 20250101 --test-end 20260508 --output-dir data/cb_arb_value_gap_switch_reverse-probe-coston_20260524 --cost-model-enabled

[reverse_probe] sort_values('value_gap_amount') patched to ascending=True
[reverse_probe] candidate filter value_gap_amount > 0 left intact (picks least under-priced)
[repair] ranked 100/1779 20190603
[repair] ranked 200/1779 20191030
[repair] ranked 300/1779 20200327
[repair] ranked 400/1779 20200824
[repair] ranked 500/1779 20210120
[repair] ranked 600/1779 20210623
[repair] ranked 700/1779 20211119
[repair] ranked 800/1779 20220420
[repair] ranked 900/1779 20220914
[repair] ranked 1000/1779 20230216
[repair] ranked 1100/1779 20230714
[repair] ranked 1200/1779 20231211
[repair] ranked 1300/1779 20240515
[repair] ranked 1400/1779 20241014
[repair] ranked 1500/1779 20250312
[repair] ranked 1600/1779 20250806
[repair] ranked 1700/1779 20260105
[value_gap] candidates=96
[value_gap] train 1/96 excess=0.38108 total=0.653395 dd=-0.288789 score=0.308883 params={"max_hold_days": 90.0, "min_gap_pct": 0.0, "sell_gap_pct": 0.0, "stop_gap_ratio_floor": 0.0, "switch_hurdle_pct": 0.0}
[value_gap] train 2/96 excess=0.55408 total=0.826395 dd=-0.238695 score=0.494406 params={"max_hold_days": 180.0, "min_gap_pct": 0.0, "sell_gap_pct": 0.0, "stop_gap_ratio_floor": 0.0, "switch_hurdle_pct": 0.0}
[value_gap] train 3/96 excess=0.427961 total=0.700276 dd=-0.265623 score=0.361555 params={"max_hold_days": 360.0, "min_gap_pct": 0.0, "sell_gap_pct": 0.0, "stop_gap_ratio_floor": 0.0, "switch_hurdle_pct": 0.0}
[value_gap] train 4/96 excess=0.456701 total=0.729015 dd=-0.285228 score=0.385394 params={"max_hold_days": 90.0, "min_gap_pct": 0.0, "sell_gap_pct": 0.0, "stop_gap_ratio_floor": 0.0, "switch_hurdle_pct": 0.01}
[value_gap] train 5/96 excess=0.487343 total=0.759658 dd=-0.223348 score=0.431506 params={"max_hold_days": 180.0, "min_gap_pct": 0.0, "sell_gap_pct": 0.0, "stop_gap_ratio_floor": 0.0, "switch_hurdle_pct": 0.01}
[value_gap] train 6/96 excess=0.602568 total=0.874883 dd=-0.265762 score=0.536127 params={"max_hold_days": 360.0, "min_gap_pct": 0.0, "sell_gap_pct": 0.0, "stop_gap_ratio_floor": 0.0, "switch_hurdle_pct": 0.01}
[value_gap] train 7/96 excess=0.353717 total=0.626031 dd=-0.286753 score=0.282029 params={"max_hold_days": 90.0, "min_gap_pct": 0.0, "sell_gap_pct": 0.0, "stop_gap_ratio_floor": 0.0, "switch_hurdle_pct": 0.02}
[value_gap] train 8/96 excess=0.5725 total=0.844815 dd=-0.255069 score=0.508733 params={"max_hold_days": 180.0, "min_gap_pct": 0.0, "sell_gap_pct": 0.0, "stop_gap_ratio_floor": 0.0, "switch_hurdle_pct": 0.02}
[value_gap] train 9/96 excess=0.488323 total=0.760637 dd=-0.271559 score=0.420433 params={"max_hold_days": 360.0, "min_gap_pct": 0.0, "sell_gap_pct": 0.0, "stop_gap_ratio_floor": 0.0, "switch_hurdle_pct": 0.02}
[value_gap] train 10/96 excess=0.360921 total=0.633235 dd=-0.30268 score=0.285251 params={"max_hold_days": 90.0, "min_gap_pct": 0.0, "sell_gap_pct": 0.0, "stop_gap_ratio_floor": 0.0, "switch_hurdle_pct": 0.03}
[value_gap] train 11/96 excess=0.532499 total=0.804814 dd=-0.248774 score=0.470305 params={"max_hold_days": 180.0, "min_gap_pct": 0.0, "sell_gap_pct": 0.0, "stop_gap_ratio_floor": 0.0, "switch_hurdle_pct": 0.03}
[value_gap] train 12/96 excess=0.587653 total=0.859968 dd=-0.252541 score=0.524518 params={"max_hold_days": 360.0, "min_gap_pct": 0.0, "sell_gap_pct": 0.0, "stop_gap_ratio_floor": 0.0, "switch_hurdle_pct": 0.03}
[value_gap] train 13/96 excess=0.38108 total=0.653395 dd=-0.288789 score=0.308883 params={"max_hold_days": 90.0, "min_gap_pct": 0.0, "sell_gap_pct": 0.005, "stop_gap_ratio_floor": 0.0, "switch_hurdle_pct": 0.0}
[value_gap] train 14/96 excess=0.55408 total=0.826395 dd=-0.238695 score=0.494406 params={"max_hold_days": 180.0, "min_gap_pct": 0.0, "sell_gap_pct": 0.005, "stop_gap_ratio_floor": 0.0, "switch_hurdle_pct": 0.0}
[value_gap] train 15/96 excess=0.427961 total=0.700276 dd=-0.265623 score=0.361555 params={"max_hold_days": 360.0, "min_gap_pct": 0.0, "sell_gap_pct": 0.005, "stop_gap_ratio_floor": 0.0, "switch_hurdle_pct": 0.0}
[value_gap] train 16/96 excess=0.456701 total=0.729015 dd=-0.285228 score=0.385394 params={"max_hold_days": 90.0, "min_gap_pct": 0.0, "sell_gap_pct": 0.005, "stop_gap_ratio_floor": 0.0, "switch_hurdle_pct": 0.01}
[value_gap] train 17/96 excess=0.487343 total=0.759658 dd=-0.223348 score=0.431506 params={"max_hold_days": 180.0, "min_gap_pct": 0.0, "sell_gap_pct": 0.005, "stop_gap_ratio_floor": 0.0, "switch_hurdle_pct": 0.01}
[value_gap] train 18/96 excess=0.602568 total=0.874883 dd=-0.265762 score=0.536127 params={"max_hold_days": 360.0, "min_gap_pct": 0.0, "sell_gap_pct": 0.005, "stop_gap_ratio_floor": 0.0, "switch_hurdle_pct": 0.01}
[value_gap] train 19/96 excess=0.353717 total=0.626031 dd=-0.286753 score=0.282029 params={"max_hold_days": 90.0, "min_gap_pct": 0.0, "sell_gap_pct": 0.005, "stop_gap_ratio_floor": 0.0, "switch_hurdle_pct": 0.02}
[value_gap] train 20/96 excess=0.5725 total=0.844815 dd=-0.255069 score=0.508733 params={"max_hold_days": 180.0, "min_gap_pct": 0.0, "sell_gap_pct": 0.005, "stop_gap_ratio_floor": 0.0, "switch_hurdle_pct": 0.02}
[value_gap] train 21/96 excess=0.488323 total=0.760637 dd=-0.271559 score=0.420433 params={"max_hold_days": 360.0, "min_gap_pct": 0.0, "sell_gap_pct": 0.005, "stop_gap_ratio_floor": 0.0, "switch_hurdle_pct": 0.02}
[value_gap] train 22/96 excess=0.360921 total=0.633235 dd=-0.30268 score=0.285251 params={"max_hold_days": 90.0, "min_gap_pct": 0.0, "sell_gap_pct": 0.005, "stop_gap_ratio_floor": 0.0, "switch_hurdle_pct": 0.03}
[value_gap] train 23/96 excess=0.532499 total=0.804814 dd=-0.248774 score=0.470305 params={"max_hold_days": 180.0, "min_gap_pct": 0.0, "sell_gap_pct": 0.005, "stop_gap_ratio_floor": 0.0, "switch_hurdle_pct": 0.03}
[value_gap] train 24/96 excess=0.587653 total=0.859968 dd=-0.252541 score=0.524518 params={"max_hold_days": 360.0, "min_gap_pct": 0.0, "sell_gap_pct": 0.005, "stop_gap_ratio_floor": 0.0, "switch_hurdle_pct": 0.03}
[value_gap] train 25/96 excess=0.509978 total=0.782293 dd=-0.284019 score=0.438973 params={"max_hold_days": 90.0, "min_gap_pct": 0.005, "sell_gap_pct": 0.0, "stop_gap_ratio_floor": 0.0, "switch_hurdle_pct": 0.0}
[value_gap] train 26/96 excess=0.408591 total=0.680905 dd=-0.251148 score=0.345804 params={"max_hold_days": 180.0, "min_gap_pct": 0.005, "sell_gap_pct": 0.0, "stop_gap_ratio_floor": 0.0, "switch_hurdle_pct": 0.0}
[value_gap] train 27/96 excess=0.708194 total=0.980508 dd=-0.209144 score=0.655908 params={"max_hold_days": 360.0, "min_gap_pct": 0.005, "sell_gap_pct": 0.0, "stop_gap_ratio_floor": 0.0, "switch_hurdle_pct": 0.0}
[value_gap] train 28/96 excess=0.556061 total=0.828375 dd=-0.273713 score=0.487633 params={"max_hold_days": 90.0, "min_gap_pct": 0.005, "sell_gap_pct": 0.0, "stop_gap_ratio_floor": 0.0, "switch_hurdle_pct": 0.01}
[value_gap] train 29/96 excess=0.557354 total=0.829669 dd=-0.236969 score=0.498112 params={"max_hold_days": 180.0, "min_gap_pct": 0.005, "sell_gap_pct": 0.0, "stop_gap_ratio_floor": 0.0, "switch_hurdle_pct": 0.01}
[value_gap] train 30/96 excess=0.715502 total=0.987817 dd=-0.232273 score=0.657434 params={"max_hold_days": 360.0, "min_gap_pct": 0.005, "sell_gap_pct": 0.0, "stop_gap_ratio_floor": 0.0, "switch_hurdle_pct": 0.01}
[value_gap] train 31/96 excess=0.623596 total=0.89591 dd=-0.246452 score=0.561983 params={"max_hold_days": 90.0, "min_gap_pct": 0.005, "sell_gap_pct": 0.0, "stop_gap_ratio_floor": 0.0, "switch_hurdle_pct": 0.02}
[value_gap] train 32/96 excess=0.574497 total=0.846812 dd=-0.242715 score=0.513818 params={"max_hold_days": 180.0, "min_gap_pct": 0.005, "sell_gap_pct": 0.0, "stop_gap_ratio_floor": 0.0, "switch_hurdle_pct": 0.02}
[value_gap] train 33/96 excess=0.627376 total=0.89969 dd=-0.232458 score=0.569262 params={"max_hold_days": 360.0, "min_gap_pct": 0.005, "sell_gap_pct": 0.0, "stop_gap_ratio_floor": 0.0, "switch_hurdle_pct": 0.02}
[value_gap] train 34/96 excess=0.706827 total=0.979142 dd=-0.235015 score=0.648073 params={"max_hold_days": 90.0, "min_gap_pct": 0.005, "sell_gap_pct": 0.0, "stop_gap_ratio_floor": 0.0, "switch_hurdle_pct": 0.03}
[value_gap] train 35/96 excess=0.801341 total=1.073655 dd=-0.24231 score=0.740764 params={"max_hold_days": 180.0, "min_gap_pct": 0.005, "sell_gap_pct": 0.0, "stop_gap_ratio_floor": 0.0, "switch_hurdle_pct": 0.03}
[value_gap] train 36/96 excess=0.605081 total=0.877395 dd=-0.216119 score=0.551051 params={"max_hold_days": 360.0, "min_gap_pct": 0.005, "sell_gap_pct": 0.0, "stop_gap_ratio_floor": 0.0, "switch_hurdle_pct": 0.03}
[value_gap] train 37/96 excess=0.509978 total=0.782293 dd=-0.284019 score=0.438973 params={"max_hold_days": 90.0, "min_gap_pct": 0.005, "sell_gap_pct": 0.005, "stop_gap_ratio_floor": 0.0, "switch_hurdle_pct": 0.0}
[value_gap] train 38/96 excess=0.408591 total=0.680905 dd=-0.251148 score=0.345804 params={"max_hold_days": 180.0, "min_gap_pct": 0.005, "sell_gap_pct": 0.005, "stop_gap_ratio_floor": 0.0, "switch_hurdle_pct": 0.0}
[value_gap] train 39/96 excess=0.708194 total=0.980508 dd=-0.209144 score=0.655908 params={"max_hold_days": 360.0, "min_gap_pct": 0.005, "sell_gap_pct": 0.005, "stop_gap_ratio_floor": 0.0, "switch_hurdle_pct": 0.0}
[value_gap] train 40/96 excess=0.556061 total=0.828375 dd=-0.273713 score=0.487633 params={"max_hold_days": 90.0, "min_gap_pct": 0.005, "sell_gap_pct": 0.005, "stop_gap_ratio_floor": 0.0, "switch_hurdle_pct": 0.01}
[value_gap] train 41/96 excess=0.557354 total=0.829669 dd=-0.236969 score=0.498112 params={"max_hold_days": 180.0, "min_gap_pct": 0.005, "sell_gap_pct": 0.005, "stop_gap_ratio_floor": 0.0, "switch_hurdle_pct": 0.01}
[value_gap] train 42/96 excess=0.715502 total=0.987817 dd=-0.232273 score=0.657434 params={"max_hold_days": 360.0, "min_gap_pct": 0.005, "sell_gap_pct": 0.005, "stop_gap_ratio_floor": 0.0, "switch_hurdle_pct": 0.01}
[value_gap] train 43/96 excess=0.623596 total=0.89591 dd=-0.246452 score=0.561983 params={"max_hold_days": 90.0, "min_gap_pct": 0.005, "sell_gap_pct": 0.005, "stop_gap_ratio_floor": 0.0, "switch_hurdle_pct": 0.02}
[value_gap] train 44/96 excess=0.574497 total=0.846812 dd=-0.242715 score=0.513818 params={"max_hold_days": 180.0, "min_gap_pct": 0.005, "sell_gap_pct": 0.005, "stop_gap_ratio_floor": 0.0, "switch_hurdle_pct": 0.02}
[value_gap] train 45/96 excess=0.627376 total=0.89969 dd=-0.232458 score=0.569262 params={"max_hold_days": 360.0, "min_gap_pct": 0.005, "sell_gap_pct": 0.005, "stop_gap_ratio_floor": 0.0, "switch_hurdle_pct": 0.02}
[value_gap] train 46/96 excess=0.706827 total=0.979142 dd=-0.235015 score=0.648073 params={"max_hold_days": 90.0, "min_gap_pct": 0.005, "sell_gap_pct": 0.005, "stop_gap_ratio_floor": 0.0, "switch_hurdle_pct": 0.03}
[value_gap] train 47/96 excess=0.801341 total=1.073655 dd=-0.24231 score=0.740764 params={"max_hold_days": 180.0, "min_gap_pct": 0.005, "sell_gap_pct": 0.005, "stop_gap_ratio_floor": 0.0, "switch_hurdle_pct": 0.03}
[value_gap] train 48/96 excess=0.605081 total=0.877395 dd=-0.216119 score=0.551051 params={"max_hold_days": 360.0, "min_gap_pct": 0.005, "sell_gap_pct": 0.005, "stop_gap_ratio_floor": 0.0, "switch_hurdle_pct": 0.03}
[value_gap] train 49/96 excess=0.661515 total=0.93383 dd=-0.242744 score=0.600829 params={"max_hold_days": 90.0, "min_gap_pct": 0.01, "sell_gap_pct": 0.0, "stop_gap_ratio_floor": 0.0, "switch_hurdle_pct": 0.0}
[value_gap] train 50/96 excess=0.797055 total=1.06937 dd=-0.21897 score=0.742312 params={"max_hold_days": 180.0, "min_gap_pct": 0.01, "sell_gap_pct": 0.0, "stop_gap_ratio_floor": 0.0, "switch_hurdle_pct": 0.0}
[value_gap] train 51/96 excess=0.572119 total=0.844434 dd=-0.215274 score=0.518301 params={"max_hold_days": 360.0, "min_gap_pct": 0.01, "sell_gap_pct": 0.0, "stop_gap_ratio_floor": 0.0, "switch_hurdle_pct": 0.0}
[value_gap] train 52/96 excess=0.86964 total=1.141955 dd=-0.258652 score=0.804977 params={"max_hold_days": 90.0, "min_gap_pct": 0.01, "sell_gap_pct": 0.0, "stop_gap_ratio_floor": 0.0, "switch_hurdle_pct": 0.01}
[value_gap] train 53/96 excess=0.936744 total=1.209059 dd=-0.234913 score=0.878016 params={"max_hold_days": 180.0, "min_gap_pct": 0.01, "sell_gap_pct": 0.0, "stop_gap_ratio_floor": 0.0, "switch_hurdle_pct": 0.01}
[value_gap] train 54/96 excess=0.591773 total=0.864088 dd=-0.220393 score=0.536675 params={"max_hold_days": 360.0, "min_gap_pct": 0.01, "sell_gap_pct": 0.0, "stop_gap_ratio_floor": 0.0, "switch_hurdle_pct": 0.01}
[value_gap] train 55/96 excess=0.966487 total=1.238802 dd=-0.235789 score=0.90754 params={"max_hold_days": 90.0, "min_gap_pct": 0.01, "sell_gap_pct": 0.0, "stop_gap_ratio_floor": 0.0, "switch_hurdle_pct": 0.02}
[value_gap] train 56/96 excess=0.679585 total=0.951899 dd=-0.227179 score=0.62279 params={"max_hold_days": 180.0, "min_gap_pct": 0.01, "sell_gap_pct": 0.0, "stop_gap_ratio_floor": 0.0, "switch_hurdle_pct": 0.02}
[value_gap] train 57/96 excess=0.443563 total=0.715877 dd=-0.211806 score=0.390612 params={"max_hold_days": 360.0, "min_gap_pct": 0.01, "sell_gap_pct": 0.0, "stop_gap_ratio_floor": 0.0, "switch_hurdle_pct": 0.02}
[value_gap] train 58/96 excess=0.911272 total=1.183586 dd=-0.246507 score=0.849645 params={"max_hold_days": 90.0, "min_gap_pct": 0.01, "sell_gap_pct": 0.0, "stop_gap_ratio_floor": 0.0, "switch_hurdle_pct": 0.03}
[value_gap] train 59/96 excess=0.777133 total=1.049447 dd=-0.236285 score=0.718062 params={"max_hold_days": 180.0, "min_gap_pct": 0.01, "sell_gap_pct": 0.0, "stop_gap_ratio_floor": 0.0, "switch_hurdle_pct": 0.03}
[value_gap] train 60/96 excess=0.562974 total=0.835289 dd=-0.199732 score=0.513041 params={"max_hold_days": 360.0, "min_gap_pct": 0.01, "sell_gap_pct": 0.0, "stop_gap_ratio_floor": 0.0, "switch_hurdle_pct": 0.03}
[value_gap] train 61/96 excess=0.661515 total=0.93383 dd=-0.242744 score=0.600829 params={"max_hold_days": 90.0, "min_gap_pct": 0.01, "sell_gap_pct": 0.005, "stop_gap_ratio_floor": 0.0, "switch_hurdle_pct": 0.0}
[value_gap] train 62/96 excess=0.797055 total=1.06937 dd=-0.21897 score=0.742312 params={"max_hold_days": 180.0, "min_gap_pct": 0.01, "sell_gap_pct": 0.005, "stop_gap_ratio_floor": 0.0, "switch_hurdle_pct": 0.0}
[value_gap] train 63/96 excess=0.572119 total=0.844434 dd=-0.215274 score=0.518301 params={"max_hold_days": 360.0, "min_gap_pct": 0.01, "sell_gap_pct": 0.005, "stop_gap_ratio_floor": 0.0, "switch_hurdle_pct": 0.0}
[value_gap] train 64/96 excess=0.86964 total=1.141955 dd=-0.258652 score=0.804977 params={"max_hold_days": 90.0, "min_gap_pct": 0.01, "sell_gap_pct": 0.005, "stop_gap_ratio_floor": 0.0, "switch_hurdle_pct": 0.01}
[value_gap] train 65/96 excess=0.936744 total=1.209059 dd=-0.234913 score=0.878016 params={"max_hold_days": 180.0, "min_gap_pct": 0.01, "sell_gap_pct": 0.005, "stop_gap_ratio_floor": 0.0, "switch_hurdle_pct": 0.01}
[value_gap] train 66/96 excess=0.591773 total=0.864088 dd=-0.220393 score=0.536675 params={"max_hold_days": 360.0, "min_gap_pct": 0.01, "sell_gap_pct": 0.005, "stop_gap_ratio_floor": 0.0, "switch_hurdle_pct": 0.01}
[value_gap] train 67/96 excess=0.966487 total=1.238802 dd=-0.235789 score=0.90754 params={"max_hold_days": 90.0, "min_gap_pct": 0.01, "sell_gap_pct": 0.005, "stop_gap_ratio_floor": 0.0, "switch_hurdle_pct": 0.02}
[value_gap] train 68/96 excess=0.679585 total=0.951899 dd=-0.227179 score=0.62279 params={"max_hold_days": 180.0, "min_gap_pct": 0.01, "sell_gap_pct": 0.005, "stop_gap_ratio_floor": 0.0, "switch_hurdle_pct": 0.02}
[value_gap] train 69/96 excess=0.443563 total=0.715877 dd=-0.211806 score=0.390612 params={"max_hold_days": 360.0, "min_gap_pct": 0.01, "sell_gap_pct": 0.005, "stop_gap_ratio_floor": 0.0, "switch_hurdle_pct": 0.02}
[value_gap] train 70/96 excess=0.911272 total=1.183586 dd=-0.246507 score=0.849645 params={"max_hold_days": 90.0, "min_gap_pct": 0.01, "sell_gap_pct": 0.005, "stop_gap_ratio_floor": 0.0, "switch_hurdle_pct": 0.03}
[value_gap] train 71/96 excess=0.777133 total=1.049447 dd=-0.236285 score=0.718062 params={"max_hold_days": 180.0, "min_gap_pct": 0.01, "sell_gap_pct": 0.005, "stop_gap_ratio_floor": 0.0, "switch_hurdle_pct": 0.03}
[value_gap] train 72/96 excess=0.562974 total=0.835289 dd=-0.199732 score=0.513041 params={"max_hold_days": 360.0, "min_gap_pct": 0.01, "sell_gap_pct": 0.005, "stop_gap_ratio_floor": 0.0, "switch_hurdle_pct": 0.03}
[value_gap] train 73/96 excess=0.562989 total=0.835303 dd=-0.271107 score=0.495212 params={"max_hold_days": 90.0, "min_gap_pct": 0.03, "sell_gap_pct": 0.0, "stop_gap_ratio_floor": 0.0, "switch_hurdle_pct": 0.0}
[value_gap] train 74/96 excess=0.528558 total=0.800872 dd=-0.262312 score=0.46298 params={"max_hold_days": 180.0, "min_gap_pct": 0.03, "sell_gap_pct": 0.0, "stop_gap_ratio_floor": 0.0, "switch_hurdle_pct": 0.0}
[value_gap] train 75/96 excess=0.350154 total=0.622468 dd=-0.276283 score=0.281083 params={"max_hold_days": 360.0, "min_gap_pct": 0.03, "sell_gap_pct": 0.0, "stop_gap_ratio_floor": 0.0, "switch_hurdle_pct": 0.0}
[value_gap] train 76/96 excess=0.636842 total=0.909156 dd=-0.225309 score=0.580515 params={"max_hold_days": 90.0, "min_gap_pct": 0.03, "sell_gap_pct": 0.0, "stop_gap_ratio_floor": 0.0, "switch_hurdle_pct": 0.01}
[value_gap] train 77/96 excess=0.47976 total=0.752075 dd=-0.239659 score=0.419845 params={"max_hold_days": 180.0, "min_gap_pct": 0.03, "sell_gap_pct": 0.0, "stop_gap_ratio_floor": 0.0, "switch_hurdle_pct": 0.01}
[value_gap] train 78/96 excess=0.575676 total=0.847991 dd=-0.252765 score=0.512485 params={"max_hold_days": 360.0, "min_gap_pct": 0.03, "sell_gap_pct": 0.0, "stop_gap_ratio_floor": 0.0, "switch_hurdle_pct": 0.01}
[value_gap] train 79/96 excess=0.367239 total=0.639553 dd=-0.271162 score=0.299449 params={"max_hold_days": 90.0, "min_gap_pct": 0.03, "sell_gap_pct": 0.0, "stop_gap_ratio_floor": 0.0, "switch_hurdle_pct": 0.02}
[value_gap] train 80/96 excess=0.489493 total=0.761808 dd=-0.211239 score=0.436683 params={"max_hold_days": 180.0, "min_gap_pct": 0.03, "sell_gap_pct": 0.0, "stop_gap_ratio_floor": 0.0, "switch_hurdle_pct": 0.02}
[value_gap] train 81/96 excess=0.406973 total=0.679288 dd=-0.206121 score=0.355443 params={"max_hold_days": 360.0, "min_gap_pct": 0.03, "sell_gap_pct": 0.0, "stop_gap_ratio_floor": 0.0, "switch_hurdle_pct": 0.02}
[value_gap] train 82/96 excess=0.486624 total=0.758939 dd=-0.201711 score=0.436196 params={"max_hold_days": 90.0, "min_gap_pct": 0.03, "sell_gap_pct": 0.0, "stop_gap_ratio_floor": 0.0, "switch_hurdle_pct": 0.03}
[value_gap] train 83/96 excess=0.606039 total=0.878354 dd=-0.231865 score=0.548073 params={"max_hold_days": 180.0, "min_gap_pct": 0.03, "sell_gap_pct": 0.0, "stop_gap_ratio_floor": 0.0, "switch_hurdle_pct": 0.03}
[value_gap] train 84/96 excess=0.407101 total=0.679415 dd=-0.231741 score=0.349166 params={"max_hold_days": 360.0, "min_gap_pct": 0.03, "sell_gap_pct": 0.0, "stop_gap_ratio_floor": 0.0, "switch_hurdle_pct": 0.03}
[value_gap] train 85/96 excess=0.562989 total=0.835303 dd=-0.271107 score=0.495212 params={"max_hold_days": 90.0, "min_gap_pct": 0.03, "sell_gap_pct": 0.005, "stop_gap_ratio_floor": 0.0, "switch_hurdle_pct": 0.0}
[value_gap] train 86/96 excess=0.528558 total=0.800872 dd=-0.262312 score=0.46298 params={"max_hold_days": 180.0, "min_gap_pct": 0.03, "sell_gap_pct": 0.005, "stop_gap_ratio_floor": 0.0, "switch_hurdle_pct": 0.0}
[value_gap] train 87/96 excess=0.350154 total=0.622468 dd=-0.276283 score=0.281083 params={"max_hold_days": 360.0, "min_gap_pct": 0.03, "sell_gap_pct": 0.005, "stop_gap_ratio_floor": 0.0, "switch_hurdle_pct": 0.0}
[value_gap] train 88/96 excess=0.636842 total=0.909156 dd=-0.225309 score=0.580515 params={"max_hold_days": 90.0, "min_gap_pct": 0.03, "sell_gap_pct": 0.005, "stop_gap_ratio_floor": 0.0, "switch_hurdle_pct": 0.01}
[value_gap] train 89/96 excess=0.47976 total=0.752075 dd=-0.239659 score=0.419845 params={"max_hold_days": 180.0, "min_gap_pct": 0.03, "sell_gap_pct": 0.005, "stop_gap_ratio_floor": 0.0, "switch_hurdle_pct": 0.01}
[value_gap] train 90/96 excess=0.575676 total=0.847991 dd=-0.252765 score=0.512485 params={"max_hold_days": 360.0, "min_gap_pct": 0.03, "sell_gap_pct": 0.005, "stop_gap_ratio_floor": 0.0, "switch_hurdle_pct": 0.01}
[value_gap] train 91/96 excess=0.367239 total=0.639553 dd=-0.271162 score=0.299449 params={"max_hold_days": 90.0, "min_gap_pct": 0.03, "sell_gap_pct": 0.005, "stop_gap_ratio_floor": 0.0, "switch_hurdle_pct": 0.02}
[value_gap] train 92/96 excess=0.489493 total=0.761808 dd=-0.211239 score=0.436683 params={"max_hold_days": 180.0, "min_gap_pct": 0.03, "sell_gap_pct": 0.005, "stop_gap_ratio_floor": 0.0, "switch_hurdle_pct": 0.02}
[value_gap] train 93/96 excess=0.406973 total=0.679288 dd=-0.206121 score=0.355443 params={"max_hold_days": 360.0, "min_gap_pct": 0.03, "sell_gap_pct": 0.005, "stop_gap_ratio_floor": 0.0, "switch_hurdle_pct": 0.02}
[value_gap] train 94/96 excess=0.486624 total=0.758939 dd=-0.201711 score=0.436196 params={"max_hold_days": 90.0, "min_gap_pct": 0.03, "sell_gap_pct": 0.005, "stop_gap_ratio_floor": 0.0, "switch_hurdle_pct": 0.03}
[value_gap] train 95/96 excess=0.606039 total=0.878354 dd=-0.231865 score=0.548073 params={"max_hold_days": 180.0, "min_gap_pct": 0.03, "sell_gap_pct": 0.005, "stop_gap_ratio_floor": 0.0, "switch_hurdle_pct": 0.03}
[value_gap] train 96/96 excess=0.407101 total=0.679415 dd=-0.231741 score=0.349166 params={"max_hold_days": 360.0, "min_gap_pct": 0.03, "sell_gap_pct": 0.005, "stop_gap_ratio_floor": 0.0, "switch_hurdle_pct": 0.03}
[value_gap] test excess=0.2073 total=0.559565 dd=-0.113164 score=0.179009 params={"max_hold_days": 90.0, "min_gap_pct": 0.01, "sell_gap_pct": 0.0, "stop_gap_ratio_floor": 0.0, "switch_hurdle_pct": 0.02}
[value_gap] test excess=0.2073 total=0.559565 dd=-0.113164 score=0.179009 params={"max_hold_days": 90.0, "min_gap_pct": 0.01, "sell_gap_pct": 0.005, "stop_gap_ratio_floor": 0.0, "switch_hurdle_pct": 0.02}
[value_gap] test excess=0.249447 total=0.601712 dd=-0.113164 score=0.221156 params={"max_hold_days": 180.0, "min_gap_pct": 0.01, "sell_gap_pct": 0.0, "stop_gap_ratio_floor": 0.0, "switch_hurdle_pct": 0.01}
[value_gap] test excess=0.249447 total=0.601712 dd=-0.113164 score=0.221156 params={"max_hold_days": 180.0, "min_gap_pct": 0.01, "sell_gap_pct": 0.005, "stop_gap_ratio_floor": 0.0, "switch_hurdle_pct": 0.01}
[value_gap] test excess=0.17579 total=0.528055 dd=-0.113164 score=0.147499 params={"max_hold_days": 90.0, "min_gap_pct": 0.01, "sell_gap_pct": 0.0, "stop_gap_ratio_floor": 0.0, "switch_hurdle_pct": 0.03}
[value_gap] test excess=0.17579 total=0.528055 dd=-0.113164 score=0.147499 params={"max_hold_days": 90.0, "min_gap_pct": 0.01, "sell_gap_pct": 0.005, "stop_gap_ratio_floor": 0.0, "switch_hurdle_pct": 0.03}
[value_gap] test excess=0.167734 total=0.519999 dd=-0.113164 score=0.139443 params={"max_hold_days": 90.0, "min_gap_pct": 0.01, "sell_gap_pct": 0.0, "stop_gap_ratio_floor": 0.0, "switch_hurdle_pct": 0.01}
[value_gap] test excess=0.167734 total=0.519999 dd=-0.113164 score=0.139443 params={"max_hold_days": 90.0, "min_gap_pct": 0.01, "sell_gap_pct": 0.005, "stop_gap_ratio_floor": 0.0, "switch_hurdle_pct": 0.01}
[value_gap] test excess=0.303133 total=0.655398 dd=-0.113253 score=0.27482 params={"max_hold_days": 180.0, "min_gap_pct": 0.01, "sell_gap_pct": 0.0, "stop_gap_ratio_floor": 0.0, "switch_hurdle_pct": 0.0}
[value_gap] test excess=0.303133 total=0.655398 dd=-0.113253 score=0.27482 params={"max_hold_days": 180.0, "min_gap_pct": 0.01, "sell_gap_pct": 0.005, "stop_gap_ratio_floor": 0.0, "switch_hurdle_pct": 0.0}
[value_gap] summary {"train_start": "20190101", "train_end": "20241231", "test_start": "20250101", "test_end": "20260508", "n_candidates": 96, "top_n": 10, "cost_model_enabled": true, "slippage_pct": 0.0015, "market_impact_coeff": 0.001, "market_impact_cap_pct": 0.02, "holding_cost_pct": 0.0, "train_best": {"candidate": "{\"max_hold_days\": 90.0, \"min_gap_pct\": 0.01, \"sell_gap_pct\": 0.0, \"stop_gap_ratio_floor\": 0.0, \"switch_hurdle_pct\": 0.02}", "min_gap_pct": 0.01, "sell_gap_pct": 0.0, "switch_hurdle_pct": 0.02, "max_hold_days": 90.0, "stop_gap_ratio_floor": 0.0, "total_return": 1.238802, "excess_return": 0.966487, "max_drawdown": -0.235789, "win_rate": 0.5379, "total_trades": 1740, "n_days": 1456, "score": 0.90754}, "test_best": {"candidate": "{\"max_hold_days\": 180.0, \"min_gap_pct\": 0.01, \"sell_gap_pct\": 0.0, \"stop_gap_ratio_floor\": 0.0, \"switch_hurdle_pct\": 0.0}", "min_gap_pct": 0.01, "sell_gap_pct": 0.0, "switch_hurdle_pct": 0.0, "max_hold_days": 180.0, "stop_gap_ratio_floor": 0.0, "stop_signal_threshold": 999.0, "total_return": 0.655398, "excess_return": 0.303133, "max_drawdown": -0.113253, "win_rate": 0.5862, "total_trades": 377, "n_days": 323, "score": 0.27482}}
[value_gap] wrote data/cb_arb_value_gap_switch_reverse-probe-coston_20260524
