$ /usr/bin/python3 scripts/evaluate_cb_arb_exit_rule_duration_adaptive.py --data-root data/cb_arb_concurrent_supervised_20260511_094500 --train-start 20190101 --train-end 20241231 --test-start 20250101 --test-end 20260508 --output-dir data/20260519-proposal-001 --min-hold-days 5 --initial-threshold-fraction 0.7 --max-hold-days 90

OK: data/20260519-proposal-001/spec.yaml

validate_spec.py: 1 spec(s), 0 error(s), 0 warning(s)

=== cb_basic.parquet ===
  OK (1012 rows, 18 cols)

=== cb_daily.parquet ===
  WARN: missing recommended columns: ['cb_over_rate', 'pct_chg']

=== cb_call.parquet ===
  WARN: missing recommended columns: ['call_type']

=== stk_daily.parquet ===
  OK (2678144 rows, 8 cols)

=== stk_daily_qfq.parquet ===
  OK (2678144 rows, 8 cols)

=== summary ===
WARN: 2 recommended-column warning(s)
verdict: pass  (fatal=0, warning=0)
recommendation: pass; spec semantic OK
Traceback (most recent call last):
  File "/home/ubuntu/projects/quant/scripts/evaluate_cb_arb_exit_rule_duration_adaptive.py", line 611, in <module>
    raise SystemExit(main())
                     ^^^^^^
  File "/home/ubuntu/projects/quant/scripts/evaluate_cb_arb_exit_rule_duration_adaptive.py", line 559, in main
    yaml.safe_dump(_plain(report), allow_unicode=True), encoding="utf-8"
    ^^^^^^^^^^^^^^^^^^^^^^^^^^^^^^^^^^^^^^^^^^^^^^^^^^
  File "/usr/lib/python3/dist-packages/yaml/__init__.py", line 269, in safe_dump
    return dump_all([data], stream, Dumper=SafeDumper, **kwds)
           ^^^^^^^^^^^^^^^^^^^^^^^^^^^^^^^^^^^^^^^^^^^^^^^^^^^
  File "/usr/lib/python3/dist-packages/yaml/__init__.py", line 241, in dump_all
    dumper.represent(data)
  File "/usr/lib/python3/dist-packages/yaml/representer.py", line 27, in represent
    node = self.represent_data(data)
           ^^^^^^^^^^^^^^^^^^^^^^^^^
  File "/usr/lib/python3/dist-packages/yaml/representer.py", line 48, in represent_data
    node = self.yaml_representers[data_types[0]](self, data)
           ^^^^^^^^^^^^^^^^^^^^^^^^^^^^^^^^^^^^^^^^^^^^^^^^^
  File "/usr/lib/python3/dist-packages/yaml/representer.py", line 207, in represent_dict
    return self.represent_mapping('tag:yaml.org,2002:map', data)
           ^^^^^^^^^^^^^^^^^^^^^^^^^^^^^^^^^^^^^^^^^^^^^^^^^^^^^
  File "/usr/lib/python3/dist-packages/yaml/representer.py", line 118, in represent_mapping
    node_value = self.represent_data(item_value)
                 ^^^^^^^^^^^^^^^^^^^^^^^^^^^^^^^
  File "/usr/lib/python3/dist-packages/yaml/representer.py", line 48, in represent_data
    node = self.yaml_representers[data_types[0]](self, data)
           ^^^^^^^^^^^^^^^^^^^^^^^^^^^^^^^^^^^^^^^^^^^^^^^^^
  File "/usr/lib/python3/dist-packages/yaml/representer.py", line 199, in represent_list
    return self.represent_sequence('tag:yaml.org,2002:seq', data)
           ^^^^^^^^^^^^^^^^^^^^^^^^^^^^^^^^^^^^^^^^^^^^^^^^^^^^^^
  File "/usr/lib/python3/dist-packages/yaml/representer.py", line 92, in represent_sequence
    node_item = self.represent_data(item)
                ^^^^^^^^^^^^^^^^^^^^^^^^^
  File "/usr/lib/python3/dist-packages/yaml/representer.py", line 48, in represent_data
    node = self.yaml_representers[data_types[0]](self, data)
           ^^^^^^^^^^^^^^^^^^^^^^^^^^^^^^^^^^^^^^^^^^^^^^^^^
  File "/usr/lib/python3/dist-packages/yaml/representer.py", line 207, in represent_dict
    return self.represent_mapping('tag:yaml.org,2002:map', data)
           ^^^^^^^^^^^^^^^^^^^^^^^^^^^^^^^^^^^^^^^^^^^^^^^^^^^^^
  File "/usr/lib/python3/dist-packages/yaml/representer.py", line 118, in represent_mapping
    node_value = self.represent_data(item_value)
                 ^^^^^^^^^^^^^^^^^^^^^^^^^^^^^^^
  File "/usr/lib/python3/dist-packages/yaml/representer.py", line 48, in represent_data
    node = self.yaml_representers[data_types[0]](self, data)
           ^^^^^^^^^^^^^^^^^^^^^^^^^^^^^^^^^^^^^^^^^^^^^^^^^
  File "/usr/lib/python3/dist-packages/yaml/representer.py", line 207, in represent_dict
    return self.represent_mapping('tag:yaml.org,2002:map', data)
           ^^^^^^^^^^^^^^^^^^^^^^^^^^^^^^^^^^^^^^^^^^^^^^^^^^^^^
  File "/usr/lib/python3/dist-packages/yaml/representer.py", line 118, in represent_mapping
    node_value = self.represent_data(item_value)
                 ^^^^^^^^^^^^^^^^^^^^^^^^^^^^^^^
  File "/usr/lib/python3/dist-packages/yaml/representer.py", line 58, in represent_data
    node = self.yaml_representers[None](self, data)
           ^^^^^^^^^^^^^^^^^^^^^^^^^^^^^^^^^^^^^^^^
  File "/usr/lib/python3/dist-packages/yaml/representer.py", line 231, in represent_undefined
    raise RepresenterError("cannot represent an object", data)
yaml.representer.RepresenterError: ('cannot represent an object', np.float64(-163967822.4700003))
