$ /usr/bin/python3 scripts/grid_concentrated.py --data-root data/cb_arb_concurrent_supervised_20260511_094500 --output-dir data/cb_arb_value_gap_switch_low-freq-concentrated_2026-05-18 --max-holdings-list 5,8 --max-position-pct-list 0.08,0.15 --max-holding-days-list 180,365

[grid] total configs=8: holdings=[5, 8] positions=[0.08, 0.15] days=[180, 365]
[grid] started at 2026-05-19T08:31:51
[grid] h5_p8_d180 starting...
Traceback (most recent call last):
  File "/home/ubuntu/projects/quant/scripts/grid_concentrated.py", line 158, in <module>
    sys.exit(main())
             ^^^^^^
  File "/home/ubuntu/projects/quant/scripts/grid_concentrated.py", line 140, in main
    r = run_config(args.data_root, h, pct, d, args.output_dir,
        ^^^^^^^^^^^^^^^^^^^^^^^^^^^^^^^^^^^^^^^^^^^^^^^^^^^^^^
  File "/home/ubuntu/projects/quant/scripts/grid_concentrated.py", line 80, in run_config
    result = subprocess.run(cmd, capture_output=True, text=True, timeout=3600, cwd=REPO_ROOT)
             ^^^^^^^^^^^^^^^^^^^^^^^^^^^^^^^^^^^^^^^^^^^^^^^^^^^^^^^^^^^^^^^^^^^^^^^^^^^^^^^^
  File "/usr/lib/python3.12/subprocess.py", line 548, in run
    with Popen(*popenargs, **kwargs) as process:
         ^^^^^^^^^^^^^^^^^^^^^^^^^^^
  File "/usr/lib/python3.12/subprocess.py", line 1026, in __init__
    self._execute_child(args, executable, preexec_fn, close_fds,
  File "/usr/lib/python3.12/subprocess.py", line 1955, in _execute_child
    raise child_exception_type(errno_num, err_msg, err_filename)
FileNotFoundError: [Errno 2] No such file or directory: '/home/ubuntu/projects/quant/.venv/bin/python'
